<?xml version="1.0" encoding="UTF-8"?>
<!-- Generated by org.testng.reporters.JUnitReportReporter -->
<testsuite hostname="LAPTOP-FUN2M76R" failures="0" tests="5" name="test.UploadDownloadTest" time="3.604" errors="0" timestamp="2025-01-30T17:26:19 IST" skipped="0">
  <testcase classname="test.UploadDownloadTest" name="clickAtClose" time="0.349"/>
  <system-out/>
  <testcase classname="test.UploadDownloadTest" name="clickAtPractice" time="2.095"/>
  <system-out/>
  <testcase classname="test.UploadDownloadTest" name="clickAtElement" time="0.168"/>
  <system-out/>
  <testcase classname="test.UploadDownloadTest" name="clickAtUploadDownload" time="0.762"/>
  <system-out/>
  <testcase classname="test.UploadDownloadTest" name="clickAtUpload" time="0.230"/>
  <system-out/>
</testsuite> <!-- test.UploadDownloadTest -->
