<?xml version="1.0" encoding="UTF-8"?>
<!-- Generated by org.testng.reporters.JUnitReportReporter -->
<testsuite hostname="LAPTOP-FUN2M76R" failures="0" tests="6" name="test.Moadal_Dialogs_Test" time="6.692" errors="0" timestamp="2025-03-03T13:36:20 IST" skipped="0">
  <testcase classname="test.Moadal_Dialogs_Test" name="clickAtClose" time="0.232"/>
  <system-out/>
  <testcase classname="test.Moadal_Dialogs_Test" name="clickAtPractice" time="2.010"/>
  <system-out/>
  <testcase classname="test.Moadal_Dialogs_Test" name="clickAtAlertFrameWindow" time="0.314"/>
  <system-out/>
  <testcase classname="test.Moadal_Dialogs_Test" name="clickAtModalDialog" time="0.682"/>
  <system-out/>
  <testcase classname="test.Moadal_Dialogs_Test" name="clickAtSmallModal" time="2.321"/>
  <system-out/>
  <testcase classname="test.Moadal_Dialogs_Test" name="clickAtLargeModal" time="1.133"/>
  <system-out/>
</testsuite> <!-- test.Moadal_Dialogs_Test -->
