<?xml version="1.0" encoding="UTF-8"?>
<!-- Generated by org.testng.reporters.JUnitReportReporter -->
<testsuite hostname="LAPTOP-FUN2M76R" failures="0" tests="7" name="test.Text_box_Test" time="0.016" errors="1" timestamp="2025-01-30T16:39:17 IST" skipped="6">
  <testcase classname="test.Text_box_Test" name="launcher" time="0.016">
    <error type="java.lang.StackOverflowError">
      <![CDATA[java.lang.StackOverflowError
at test.Text_box_Test.launcher(Text_box_Test.java:16)
at test.Text_box_Test.launcher(Text_box_Test.java:16)
at test.Text_box_Test.launcher(Text_box_Test.java:16)
at test.Text_box_Test.launcher(Text_box_Test.java:16)
at test.Text_box_Test.launcher(Text_box_Test.java:16)
at test.Text_box_Test.launcher(Text_box_Test.java:16)
at test.Text_box_Test.launcher(Text_box_Test.java:16)
at test.Text_box_Test.launcher(Text_box_Test.java:16)
at test.Text_box_Test.launcher(Text_box_Test.java:16)
at test.Text_box_Test.launcher(Text_box_Test.java:16)
at test.Text_box_Test.launcher(Text_box_Test.java:16)
at test.Text_box_Test.launcher(Text_box_Test.java:16)
at test.Text_box_Test.launcher(Text_box_Test.java:16)
at test.Text_box_Test.launcher(Text_box_Test.java:16)
at test.Text_box_Test.launcher(Text_box_Test.java:16)
at test.Text_box_Test.launcher(Text_box_Test.java:16)
at test.Text_box_Test.launcher(Text_box_Test.java:16)
at test.Text_box_Test.launcher(Text_box_Test.java:16)
at test.Text_box_Test.launcher(Text_box_Test.java:16)
at test.Text_box_Test.launcher(Text_box_Test.java:16)
at test.Text_box_Test.launcher(Text_box_Test.java:16)
at test.Text_box_Test.launcher(Text_box_Test.java:16)
at test.Text_box_Test.launcher(Text_box_Test.java:16)
at test.Text_box_Test.launcher(Text_box_Test.java:16)
at test.Text_box_Test.launcher(Text_box_Test.java:16)
at test.Text_box_Test.launcher(Text_box_Test.java:16)
at test.Text_box_Test.launcher(Text_box_Test.java:16)
at test.Text_box_Test.launcher(Text_box_Test.java:16)
at test.Text_box_Test.launcher(Text_box_Test.java:16)
at test.Text_box_Test.launcher(Text_box_Test.java:16)
at test.Text_box_Test.launcher(Text_box_Test.java:16)
at test.Text_box_Test.launcher(Text_box_Test.java:16)
at test.Text_box_Test.launcher(Text_box_Test.java:16)
at test.Text_box_Test.launcher(Text_box_Test.java:16)
at test.Text_box_Test.launcher(Text_box_Test.java:16)
at test.Text_box_Test.launcher(Text_box_Test.java:16)
at test.Text_box_Test.launcher(Text_box_Test.java:16)
at test.Text_box_Test.launcher(Text_box_Test.java:16)
at test.Text_box_Test.launcher(Text_box_Test.java:16)
at test.Text_box_Test.launcher(Text_box_Test.java:16)
at test.Text_box_Test.launcher(Text_box_Test.java:16)
at test.Text_box_Test.launcher(Text_box_Test.java:16)
at test.Text_box_Test.launcher(Text_box_Test.java:16)
at test.Text_box_Test.launcher(Text_box_Test.java:16)
at test.Text_box_Test.launcher(Text_box_Test.java:16)
at test.Text_box_Test.launcher(Text_box_Test.java:16)
at test.Text_box_Test.launcher(Text_box_Test.java:16)
at test.Text_box_Test.launcher(Text_box_Test.java:16)
at test.Text_box_Test.launcher(Text_box_Test.java:16)
at test.Text_box_Test.launcher(Text_box_Test.java:16)
at test.Text_box_Test.launcher(Text_box_Test.java:16)
at test.Text_box_Test.launcher(Text_box_Test.java:16)
at test.Text_box_Test.launcher(Text_box_Test.java:16)
at test.Text_box_Test.launcher(Text_box_Test.java:16)
at test.Text_box_Test.launcher(Text_box_Test.java:16)
at test.Text_box_Test.launcher(Text_box_Test.java:16)
at test.Text_box_Test.launcher(Text_box_Test.java:16)
at test.Text_box_Test.launcher(Text_box_Test.java:16)
at test.Text_box_Test.launcher(Text_box_Test.java:16)
at test.Text_box_Test.launcher(Text_box_Test.java:16)
at test.Text_box_Test.launcher(Text_box_Test.java:16)
at test.Text_box_Test.launcher(Text_box_Test.java:16)
at test.Text_box_Test.launcher(Text_box_Test.java:16)
at test.Text_box_Test.launcher(Text_box_Test.java:16)
at test.Text_box_Test.launcher(Text_box_Test.java:16)
at test.Text_box_Test.launcher(Text_box_Test.java:16)
at test.Text_box_Test.launcher(Text_box_Test.java:16)
at test.Text_box_Test.launcher(Text_box_Test.java:16)
at test.Text_box_Test.launcher(Text_box_Test.java:16)
at test.Text_box_Test.launcher(Text_box_Test.java:16)
at test.Text_box_Test.launcher(Text_box_Test.java:16)
at test.Text_box_Test.launcher(Text_box_Test.java:16)
at test.Text_box_Test.launcher(Text_box_Test.java:16)
at test.Text_box_Test.launcher(Text_box_Test.java:16)
at test.Text_box_Test.launcher(Text_box_Test.java:16)
at test.Text_box_Test.launcher(Text_box_Test.java:16)
at test.Text_box_Test.launcher(Text_box_Test.java:16)
at test.Text_box_Test.launcher(Text_box_Test.java:16)
at test.Text_box_Test.launcher(Text_box_Test.java:16)
at test.Text_box_Test.launcher(Text_box_Test.java:16)
at test.Text_box_Test.launcher(Text_box_Test.java:16)
at test.Text_box_Test.launcher(Text_box_Test.java:16)
at test.Text_box_Test.launcher(Text_box_Test.java:16)
at test.Text_box_Test.launcher(Text_box_Test.java:16)
at test.Text_box_Test.launcher(Text_box_Test.java:16)
at test.Text_box_Test.launcher(Text_box_Test.java:16)
at test.Text_box_Test.launcher(Text_box_Test.java:16)
at test.Text_box_Test.launcher(Text_box_Test.java:16)
at test.Text_box_Test.launcher(Text_box_Test.java:16)
at test.Text_box_Test.launcher(Text_box_Test.java:16)
at test.Text_box_Test.launcher(Text_box_Test.java:16)
at test.Text_box_Test.launcher(Text_box_Test.java:16)
at test.Text_box_Test.launcher(Text_box_Test.java:16)
at test.Text_box_Test.launcher(Text_box_Test.java:16)
at test.Text_box_Test.launcher(Text_box_Test.java:16)
at test.Text_box_Test.launcher(Text_box_Test.java:16)
at test.Text_box_Test.launcher(Text_box_Test.java:16)
at test.Text_box_Test.launcher(Text_box_Test.java:16)
at test.Text_box_Test.launcher(Text_box_Test.java:16)
at test.Text_box_Test.launcher(Text_box_Test.java:16)
at test.Text_box_Test.launcher(Text_box_Test.java:16)
at test.Text_box_Test.launcher(Text_box_Test.java:16)
at test.Text_box_Test.launcher(Text_box_Test.java:16)
at test.Text_box_Test.launcher(Text_box_Test.java:16)
at test.Text_box_Test.launcher(Text_box_Test.java:16)
at test.Text_box_Test.launcher(Text_box_Test.java:16)
at test.Text_box_Test.launcher(Text_box_Test.java:16)
at test.Text_box_Test.launcher(Text_box_Test.java:16)
at test.Text_box_Test.launcher(Text_box_Test.java:16)
at test.Text_box_Test.launcher(Text_box_Test.java:16)
at test.Text_box_Test.launcher(Text_box_Test.java:16)
at test.Text_box_Test.launcher(Text_box_Test.java:16)
at test.Text_box_Test.launcher(Text_box_Test.java:16)
at test.Text_box_Test.launcher(Text_box_Test.java:16)
at test.Text_box_Test.launcher(Text_box_Test.java:16)
at test.Text_box_Test.launcher(Text_box_Test.java:16)
at test.Text_box_Test.launcher(Text_box_Test.java:16)
at test.Text_box_Test.launcher(Text_box_Test.java:16)
at test.Text_box_Test.launcher(Text_box_Test.java:16)
at test.Text_box_Test.launcher(Text_box_Test.java:16)
at test.Text_box_Test.launcher(Text_box_Test.java:16)
at test.Text_box_Test.launcher(Text_box_Test.java:16)
at test.Text_box_Test.launcher(Text_box_Test.java:16)
at test.Text_box_Test.launcher(Text_box_Test.java:16)
at test.Text_box_Test.launcher(Text_box_Test.java:16)
at test.Text_box_Test.launcher(Text_box_Test.java:16)
at test.Text_box_Test.launcher(Text_box_Test.java:16)
at test.Text_box_Test.launcher(Text_box_Test.java:16)
at test.Text_box_Test.launcher(Text_box_Test.java:16)
at test.Text_box_Test.launcher(Text_box_Test.java:16)
at test.Text_box_Test.launcher(Text_box_Test.java:16)
at test.Text_box_Test.launcher(Text_box_Test.java:16)
at test.Text_box_Test.launcher(Text_box_Test.java:16)
at test.Text_box_Test.launcher(Text_box_Test.java:16)
at test.Text_box_Test.launcher(Text_box_Test.java:16)
at test.Text_box_Test.launcher(Text_box_Test.java:16)
at test.Text_box_Test.launcher(Text_box_Test.java:16)
at test.Text_box_Test.launcher(Text_box_Test.java:16)
at test.Text_box_Test.launcher(Text_box_Test.java:16)
at test.Text_box_Test.launcher(Text_box_Test.java:16)
at test.Text_box_Test.launcher(Text_box_Test.java:16)
at test.Text_box_Test.launcher(Text_box_Test.java:16)
at test.Text_box_Test.launcher(Text_box_Test.java:16)
at test.Text_box_Test.launcher(Text_box_Test.java:16)
at test.Text_box_Test.launcher(Text_box_Test.java:16)
at test.Text_box_Test.launcher(Text_box_Test.java:16)
at test.Text_box_Test.launcher(Text_box_Test.java:16)
at test.Text_box_Test.launcher(Text_box_Test.java:16)
at test.Text_box_Test.launcher(Text_box_Test.java:16)
at test.Text_box_Test.launcher(Text_box_Test.java:16)
at test.Text_box_Test.launcher(Text_box_Test.java:16)
at test.Text_box_Test.launcher(Text_box_Test.java:16)
at test.Text_box_Test.launcher(Text_box_Test.java:16)
at test.Text_box_Test.launcher(Text_box_Test.java:16)
at test.Text_box_Test.launcher(Text_box_Test.java:16)
at test.Text_box_Test.launcher(Text_box_Test.java:16)
at test.Text_box_Test.launcher(Text_box_Test.java:16)
at test.Text_box_Test.launcher(Text_box_Test.java:16)
at test.Text_box_Test.launcher(Text_box_Test.java:16)
at test.Text_box_Test.launcher(Text_box_Test.java:16)
at test.Text_box_Test.launcher(Text_box_Test.java:16)
at test.Text_box_Test.launcher(Text_box_Test.java:16)
at test.Text_box_Test.launcher(Text_box_Test.java:16)
at test.Text_box_Test.launcher(Text_box_Test.java:16)
at test.Text_box_Test.launcher(Text_box_Test.java:16)
at test.Text_box_Test.launcher(Text_box_Test.java:16)
at test.Text_box_Test.launcher(Text_box_Test.java:16)
at test.Text_box_Test.launcher(Text_box_Test.java:16)
at test.Text_box_Test.launcher(Text_box_Test.java:16)
at test.Text_box_Test.launcher(Text_box_Test.java:16)
at test.Text_box_Test.launcher(Text_box_Test.java:16)
at test.Text_box_Test.launcher(Text_box_Test.java:16)
at test.Text_box_Test.launcher(Text_box_Test.java:16)
at test.Text_box_Test.launcher(Text_box_Test.java:16)
at test.Text_box_Test.launcher(Text_box_Test.java:16)
at test.Text_box_Test.launcher(Text_box_Test.java:16)
at test.Text_box_Test.launcher(Text_box_Test.java:16)
at test.Text_box_Test.launcher(Text_box_Test.java:16)
at test.Text_box_Test.launcher(Text_box_Test.java:16)
at test.Text_box_Test.launcher(Text_box_Test.java:16)
at test.Text_box_Test.launcher(Text_box_Test.java:16)
at test.Text_box_Test.launcher(Text_box_Test.java:16)
at test.Text_box_Test.launcher(Text_box_Test.java:16)
at test.Text_box_Test.launcher(Text_box_Test.java:16)
at test.Text_box_Test.launcher(Text_box_Test.java:16)
at test.Text_box_Test.launcher(Text_box_Test.java:16)
at test.Text_box_Test.launcher(Text_box_Test.java:16)
at test.Text_box_Test.launcher(Text_box_Test.java:16)
at test.Text_box_Test.launcher(Text_box_Test.java:16)
at test.Text_box_Test.launcher(Text_box_Test.java:16)
at test.Text_box_Test.launcher(Text_box_Test.java:16)
at test.Text_box_Test.launcher(Text_box_Test.java:16)
at test.Text_box_Test.launcher(Text_box_Test.java:16)
at test.Text_box_Test.launcher(Text_box_Test.java:16)
at test.Text_box_Test.launcher(Text_box_Test.java:16)
at test.Text_box_Test.launcher(Text_box_Test.java:16)
at test.Text_box_Test.launcher(Text_box_Test.java:16)
at test.Text_box_Test.launcher(Text_box_Test.java:16)
at test.Text_box_Test.launcher(Text_box_Test.java:16)
at test.Text_box_Test.launcher(Text_box_Test.java:16)
at test.Text_box_Test.launcher(Text_box_Test.java:16)
at test.Text_box_Test.launcher(Text_box_Test.java:16)
at test.Text_box_Test.launcher(Text_box_Test.java:16)
at test.Text_box_Test.launcher(Text_box_Test.java:16)
at test.Text_box_Test.launcher(Text_box_Test.java:16)
at test.Text_box_Test.launcher(Text_box_Test.java:16)
at test.Text_box_Test.launcher(Text_box_Test.java:16)
at test.Text_box_Test.launcher(Text_box_Test.java:16)
at test.Text_box_Test.launcher(Text_box_Test.java:16)
at test.Text_box_Test.launcher(Text_box_Test.java:16)
at test.Text_box_Test.launcher(Text_box_Test.java:16)
at test.Text_box_Test.launcher(Text_box_Test.java:16)
at test.Text_box_Test.launcher(Text_box_Test.java:16)
at test.Text_box_Test.launcher(Text_box_Test.java:16)
at test.Text_box_Test.launcher(Text_box_Test.java:16)
at test.Text_box_Test.launcher(Text_box_Test.java:16)
at test.Text_box_Test.launcher(Text_box_Test.java:16)
at test.Text_box_Test.launcher(Text_box_Test.java:16)
at test.Text_box_Test.launcher(Text_box_Test.java:16)
at test.Text_box_Test.launcher(Text_box_Test.java:16)
at test.Text_box_Test.launcher(Text_box_Test.java:16)
at test.Text_box_Test.launcher(Text_box_Test.java:16)
at test.Text_box_Test.launcher(Text_box_Test.java:16)
at test.Text_box_Test.launcher(Text_box_Test.java:16)
at test.Text_box_Test.launcher(Text_box_Test.java:16)
at test.Text_box_Test.launcher(Text_box_Test.java:16)
at test.Text_box_Test.launcher(Text_box_Test.java:16)
at test.Text_box_Test.launcher(Text_box_Test.java:16)
at test.Text_box_Test.launcher(Text_box_Test.java:16)
at test.Text_box_Test.launcher(Text_box_Test.java:16)
at test.Text_box_Test.launcher(Text_box_Test.java:16)
at test.Text_box_Test.launcher(Text_box_Test.java:16)
at test.Text_box_Test.launcher(Text_box_Test.java:16)
at test.Text_box_Test.launcher(Text_box_Test.java:16)
at test.Text_box_Test.launcher(Text_box_Test.java:16)
at test.Text_box_Test.launcher(Text_box_Test.java:16)
at test.Text_box_Test.launcher(Text_box_Test.java:16)
at test.Text_box_Test.launcher(Text_box_Test.java:16)
at test.Text_box_Test.launcher(Text_box_Test.java:16)
at test.Text_box_Test.launcher(Text_box_Test.java:16)
at test.Text_box_Test.launcher(Text_box_Test.java:16)
at test.Text_box_Test.launcher(Text_box_Test.java:16)
at test.Text_box_Test.launcher(Text_box_Test.java:16)
at test.Text_box_Test.launcher(Text_box_Test.java:16)
at test.Text_box_Test.launcher(Text_box_Test.java:16)
at test.Text_box_Test.launcher(Text_box_Test.java:16)
at test.Text_box_Test.launcher(Text_box_Test.java:16)
at test.Text_box_Test.launcher(Text_box_Test.java:16)
at test.Text_box_Test.launcher(Text_box_Test.java:16)
at test.Text_box_Test.launcher(Text_box_Test.java:16)
at test.Text_box_Test.launcher(Text_box_Test.java:16)
at test.Text_box_Test.launcher(Text_box_Test.java:16)
at test.Text_box_Test.launcher(Text_box_Test.java:16)
at test.Text_box_Test.launcher(Text_box_Test.java:16)
at test.Text_box_Test.launcher(Text_box_Test.java:16)
at test.Text_box_Test.launcher(Text_box_Test.java:16)
at test.Text_box_Test.launcher(Text_box_Test.java:16)
at test.Text_box_Test.launcher(Text_box_Test.java:16)
at test.Text_box_Test.launcher(Text_box_Test.java:16)
at test.Text_box_Test.launcher(Text_box_Test.java:16)
at test.Text_box_Test.launcher(Text_box_Test.java:16)
at test.Text_box_Test.launcher(Text_box_Test.java:16)
at test.Text_box_Test.launcher(Text_box_Test.java:16)
at test.Text_box_Test.launcher(Text_box_Test.java:16)
at test.Text_box_Test.launcher(Text_box_Test.java:16)
at test.Text_box_Test.launcher(Text_box_Test.java:16)
at test.Text_box_Test.launcher(Text_box_Test.java:16)
at test.Text_box_Test.launcher(Text_box_Test.java:16)
at test.Text_box_Test.launcher(Text_box_Test.java:16)
at test.Text_box_Test.launcher(Text_box_Test.java:16)
at test.Text_box_Test.launcher(Text_box_Test.java:16)
at test.Text_box_Test.launcher(Text_box_Test.java:16)
at test.Text_box_Test.launcher(Text_box_Test.java:16)
at test.Text_box_Test.launcher(Text_box_Test.java:16)
at test.Text_box_Test.launcher(Text_box_Test.java:16)
at test.Text_box_Test.launcher(Text_box_Test.java:16)
at test.Text_box_Test.launcher(Text_box_Test.java:16)
at test.Text_box_Test.launcher(Text_box_Test.java:16)
at test.Text_box_Test.launcher(Text_box_Test.java:16)
at test.Text_box_Test.launcher(Text_box_Test.java:16)
at test.Text_box_Test.launcher(Text_box_Test.java:16)
at test.Text_box_Test.launcher(Text_box_Test.java:16)
at test.Text_box_Test.launcher(Text_box_Test.java:16)
at test.Text_box_Test.launcher(Text_box_Test.java:16)
at test.Text_box_Test.launcher(Text_box_Test.java:16)
at test.Text_box_Test.launcher(Text_box_Test.java:16)
at test.Text_box_Test.launcher(Text_box_Test.java:16)
at test.Text_box_Test.launcher(Text_box_Test.java:16)
at test.Text_box_Test.launcher(Text_box_Test.java:16)
at test.Text_box_Test.launcher(Text_box_Test.java:16)
at test.Text_box_Test.launcher(Text_box_Test.java:16)
at test.Text_box_Test.launcher(Text_box_Test.java:16)
at test.Text_box_Test.launcher(Text_box_Test.java:16)
at test.Text_box_Test.launcher(Text_box_Test.java:16)
at test.Text_box_Test.launcher(Text_box_Test.java:16)
at test.Text_box_Test.launcher(Text_box_Test.java:16)
at test.Text_box_Test.launcher(Text_box_Test.java:16)
at test.Text_box_Test.launcher(Text_box_Test.java:16)
at test.Text_box_Test.launcher(Text_box_Test.java:16)
at test.Text_box_Test.launcher(Text_box_Test.java:16)
at test.Text_box_Test.launcher(Text_box_Test.java:16)
at test.Text_box_Test.launcher(Text_box_Test.java:16)
at test.Text_box_Test.launcher(Text_box_Test.java:16)
at test.Text_box_Test.launcher(Text_box_Test.java:16)
at test.Text_box_Test.launcher(Text_box_Test.java:16)
at test.Text_box_Test.launcher(Text_box_Test.java:16)
at test.Text_box_Test.launcher(Text_box_Test.java:16)
at test.Text_box_Test.launcher(Text_box_Test.java:16)
at test.Text_box_Test.launcher(Text_box_Test.java:16)
at test.Text_box_Test.launcher(Text_box_Test.java:16)
at test.Text_box_Test.launcher(Text_box_Test.java:16)
at test.Text_box_Test.launcher(Text_box_Test.java:16)
at test.Text_box_Test.launcher(Text_box_Test.java:16)
at test.Text_box_Test.launcher(Text_box_Test.java:16)
at test.Text_box_Test.launcher(Text_box_Test.java:16)
at test.Text_box_Test.launcher(Text_box_Test.java:16)
at test.Text_box_Test.launcher(Text_box_Test.java:16)
at test.Text_box_Test.launcher(Text_box_Test.java:16)
at test.Text_box_Test.launcher(Text_box_Test.java:16)
at test.Text_box_Test.launcher(Text_box_Test.java:16)
at test.Text_box_Test.launcher(Text_box_Test.java:16)
at test.Text_box_Test.launcher(Text_box_Test.java:16)
at test.Text_box_Test.launcher(Text_box_Test.java:16)
at test.Text_box_Test.launcher(Text_box_Test.java:16)
at test.Text_box_Test.launcher(Text_box_Test.java:16)
at test.Text_box_Test.launcher(Text_box_Test.java:16)
at test.Text_box_Test.launcher(Text_box_Test.java:16)
at test.Text_box_Test.launcher(Text_box_Test.java:16)
at test.Text_box_Test.launcher(Text_box_Test.java:16)
at test.Text_box_Test.launcher(Text_box_Test.java:16)
at test.Text_box_Test.launcher(Text_box_Test.java:16)
at test.Text_box_Test.launcher(Text_box_Test.java:16)
at test.Text_box_Test.launcher(Text_box_Test.java:16)
at test.Text_box_Test.launcher(Text_box_Test.java:16)
at test.Text_box_Test.launcher(Text_box_Test.java:16)
at test.Text_box_Test.launcher(Text_box_Test.java:16)
at test.Text_box_Test.launcher(Text_box_Test.java:16)
at test.Text_box_Test.launcher(Text_box_Test.java:16)
at test.Text_box_Test.launcher(Text_box_Test.java:16)
at test.Text_box_Test.launcher(Text_box_Test.java:16)
at test.Text_box_Test.launcher(Text_box_Test.java:16)
at test.Text_box_Test.launcher(Text_box_Test.java:16)
at test.Text_box_Test.launcher(Text_box_Test.java:16)
at test.Text_box_Test.launcher(Text_box_Test.java:16)
at test.Text_box_Test.launcher(Text_box_Test.java:16)
at test.Text_box_Test.launcher(Text_box_Test.java:16)
at test.Text_box_Test.launcher(Text_box_Test.java:16)
at test.Text_box_Test.launcher(Text_box_Test.java:16)
at test.Text_box_Test.launcher(Text_box_Test.java:16)
at test.Text_box_Test.launcher(Text_box_Test.java:16)
at test.Text_box_Test.launcher(Text_box_Test.java:16)
at test.Text_box_Test.launcher(Text_box_Test.java:16)
at test.Text_box_Test.launcher(Text_box_Test.java:16)
at test.Text_box_Test.launcher(Text_box_Test.java:16)
at test.Text_box_Test.launcher(Text_box_Test.java:16)
at test.Text_box_Test.launcher(Text_box_Test.java:16)
at test.Text_box_Test.launcher(Text_box_Test.java:16)
at test.Text_box_Test.launcher(Text_box_Test.java:16)
at test.Text_box_Test.launcher(Text_box_Test.java:16)
at test.Text_box_Test.launcher(Text_box_Test.java:16)
at test.Text_box_Test.launcher(Text_box_Test.java:16)
at test.Text_box_Test.launcher(Text_box_Test.java:16)
at test.Text_box_Test.launcher(Text_box_Test.java:16)
at test.Text_box_Test.launcher(Text_box_Test.java:16)
at test.Text_box_Test.launcher(Text_box_Test.java:16)
at test.Text_box_Test.launcher(Text_box_Test.java:16)
at test.Text_box_Test.launcher(Text_box_Test.java:16)
at test.Text_box_Test.launcher(Text_box_Test.java:16)
at test.Text_box_Test.launcher(Text_box_Test.java:16)
at test.Text_box_Test.launcher(Text_box_Test.java:16)
at test.Text_box_Test.launcher(Text_box_Test.java:16)
at test.Text_box_Test.launcher(Text_box_Test.java:16)
at test.Text_box_Test.launcher(Text_box_Test.java:16)
at test.Text_box_Test.launcher(Text_box_Test.java:16)
at test.Text_box_Test.launcher(Text_box_Test.java:16)
at test.Text_box_Test.launcher(Text_box_Test.java:16)
at test.Text_box_Test.launcher(Text_box_Test.java:16)
at test.Text_box_Test.launcher(Text_box_Test.java:16)
at test.Text_box_Test.launcher(Text_box_Test.java:16)
at test.Text_box_Test.launcher(Text_box_Test.java:16)
at test.Text_box_Test.launcher(Text_box_Test.java:16)
at test.Text_box_Test.launcher(Text_box_Test.java:16)
at test.Text_box_Test.launcher(Text_box_Test.java:16)
at test.Text_box_Test.launcher(Text_box_Test.java:16)
at test.Text_box_Test.launcher(Text_box_Test.java:16)
at test.Text_box_Test.launcher(Text_box_Test.java:16)
at test.Text_box_Test.launcher(Text_box_Test.java:16)
at test.Text_box_Test.launcher(Text_box_Test.java:16)
at test.Text_box_Test.launcher(Text_box_Test.java:16)
at test.Text_box_Test.launcher(Text_box_Test.java:16)
at test.Text_box_Test.launcher(Text_box_Test.java:16)
at test.Text_box_Test.launcher(Text_box_Test.java:16)
at test.Text_box_Test.launcher(Text_box_Test.java:16)
at test.Text_box_Test.launcher(Text_box_Test.java:16)
at test.Text_box_Test.launcher(Text_box_Test.java:16)
at test.Text_box_Test.launcher(Text_box_Test.java:16)
at test.Text_box_Test.launcher(Text_box_Test.java:16)
at test.Text_box_Test.launcher(Text_box_Test.java:16)
at test.Text_box_Test.launcher(Text_box_Test.java:16)
at test.Text_box_Test.launcher(Text_box_Test.java:16)
at test.Text_box_Test.launcher(Text_box_Test.java:16)
at test.Text_box_Test.launcher(Text_box_Test.java:16)
at test.Text_box_Test.launcher(Text_box_Test.java:16)
at test.Text_box_Test.launcher(Text_box_Test.java:16)
at test.Text_box_Test.launcher(Text_box_Test.java:16)
at test.Text_box_Test.launcher(Text_box_Test.java:16)
at test.Text_box_Test.launcher(Text_box_Test.java:16)
at test.Text_box_Test.launcher(Text_box_Test.java:16)
at test.Text_box_Test.launcher(Text_box_Test.java:16)
at test.Text_box_Test.launcher(Text_box_Test.java:16)
at test.Text_box_Test.launcher(Text_box_Test.java:16)
at test.Text_box_Test.launcher(Text_box_Test.java:16)
at test.Text_box_Test.launcher(Text_box_Test.java:16)
at test.Text_box_Test.launcher(Text_box_Test.java:16)
at test.Text_box_Test.launcher(Text_box_Test.java:16)
at test.Text_box_Test.launcher(Text_box_Test.java:16)
at test.Text_box_Test.launcher(Text_box_Test.java:16)
at test.Text_box_Test.launcher(Text_box_Test.java:16)
at test.Text_box_Test.launcher(Text_box_Test.java:16)
at test.Text_box_Test.launcher(Text_box_Test.java:16)
at test.Text_box_Test.launcher(Text_box_Test.java:16)
at test.Text_box_Test.launcher(Text_box_Test.java:16)
at test.Text_box_Test.launcher(Text_box_Test.java:16)
at test.Text_box_Test.launcher(Text_box_Test.java:16)
at test.Text_box_Test.launcher(Text_box_Test.java:16)
at test.Text_box_Test.launcher(Text_box_Test.java:16)
at test.Text_box_Test.launcher(Text_box_Test.java:16)
at test.Text_box_Test.launcher(Text_box_Test.java:16)
at test.Text_box_Test.launcher(Text_box_Test.java:16)
at test.Text_box_Test.launcher(Text_box_Test.java:16)
at test.Text_box_Test.launcher(Text_box_Test.java:16)
at test.Text_box_Test.launcher(Text_box_Test.java:16)
at test.Text_box_Test.launcher(Text_box_Test.java:16)
at test.Text_box_Test.launcher(Text_box_Test.java:16)
at test.Text_box_Test.launcher(Text_box_Test.java:16)
at test.Text_box_Test.launcher(Text_box_Test.java:16)
at test.Text_box_Test.launcher(Text_box_Test.java:16)
at test.Text_box_Test.launcher(Text_box_Test.java:16)
at test.Text_box_Test.launcher(Text_box_Test.java:16)
at test.Text_box_Test.launcher(Text_box_Test.java:16)
at test.Text_box_Test.launcher(Text_box_Test.java:16)
at test.Text_box_Test.launcher(Text_box_Test.java:16)
at test.Text_box_Test.launcher(Text_box_Test.java:16)
at test.Text_box_Test.launcher(Text_box_Test.java:16)
at test.Text_box_Test.launcher(Text_box_Test.java:16)
at test.Text_box_Test.launcher(Text_box_Test.java:16)
at test.Text_box_Test.launcher(Text_box_Test.java:16)
at test.Text_box_Test.launcher(Text_box_Test.java:16)
at test.Text_box_Test.launcher(Text_box_Test.java:16)
at test.Text_box_Test.launcher(Text_box_Test.java:16)
at test.Text_box_Test.launcher(Text_box_Test.java:16)
at test.Text_box_Test.launcher(Text_box_Test.java:16)
at test.Text_box_Test.launcher(Text_box_Test.java:16)
at test.Text_box_Test.launcher(Text_box_Test.java:16)
at test.Text_box_Test.launcher(Text_box_Test.java:16)
at test.Text_box_Test.launcher(Text_box_Test.java:16)
at test.Text_box_Test.launcher(Text_box_Test.java:16)
at test.Text_box_Test.launcher(Text_box_Test.java:16)
at test.Text_box_Test.launcher(Text_box_Test.java:16)
at test.Text_box_Test.launcher(Text_box_Test.java:16)
at test.Text_box_Test.launcher(Text_box_Test.java:16)
at test.Text_box_Test.launcher(Text_box_Test.java:16)
at test.Text_box_Test.launcher(Text_box_Test.java:16)
at test.Text_box_Test.launcher(Text_box_Test.java:16)
at test.Text_box_Test.launcher(Text_box_Test.java:16)
at test.Text_box_Test.launcher(Text_box_Test.java:16)
at test.Text_box_Test.launcher(Text_box_Test.java:16)
at test.Text_box_Test.launcher(Text_box_Test.java:16)
at test.Text_box_Test.launcher(Text_box_Test.java:16)
at test.Text_box_Test.launcher(Text_box_Test.java:16)
at test.Text_box_Test.launcher(Text_box_Test.java:16)
at test.Text_box_Test.launcher(Text_box_Test.java:16)
at test.Text_box_Test.launcher(Text_box_Test.java:16)
at test.Text_box_Test.launcher(Text_box_Test.java:16)
at test.Text_box_Test.launcher(Text_box_Test.java:16)
at test.Text_box_Test.launcher(Text_box_Test.java:16)
at test.Text_box_Test.launcher(Text_box_Test.java:16)
at test.Text_box_Test.launcher(Text_box_Test.java:16)
at test.Text_box_Test.launcher(Text_box_Test.java:16)
at test.Text_box_Test.launcher(Text_box_Test.java:16)
at test.Text_box_Test.launcher(Text_box_Test.java:16)
at test.Text_box_Test.launcher(Text_box_Test.java:16)
at test.Text_box_Test.launcher(Text_box_Test.java:16)
at test.Text_box_Test.launcher(Text_box_Test.java:16)
at test.Text_box_Test.launcher(Text_box_Test.java:16)
at test.Text_box_Test.launcher(Text_box_Test.java:16)
at test.Text_box_Test.launcher(Text_box_Test.java:16)
at test.Text_box_Test.launcher(Text_box_Test.java:16)
at test.Text_box_Test.launcher(Text_box_Test.java:16)
at test.Text_box_Test.launcher(Text_box_Test.java:16)
at test.Text_box_Test.launcher(Text_box_Test.java:16)
at test.Text_box_Test.launcher(Text_box_Test.java:16)
at test.Text_box_Test.launcher(Text_box_Test.java:16)
at test.Text_box_Test.launcher(Text_box_Test.java:16)
at test.Text_box_Test.launcher(Text_box_Test.java:16)
at test.Text_box_Test.launcher(Text_box_Test.java:16)
at test.Text_box_Test.launcher(Text_box_Test.java:16)
at test.Text_box_Test.launcher(Text_box_Test.java:16)
at test.Text_box_Test.launcher(Text_box_Test.java:16)
at test.Text_box_Test.launcher(Text_box_Test.java:16)
at test.Text_box_Test.launcher(Text_box_Test.java:16)
at test.Text_box_Test.launcher(Text_box_Test.java:16)
at test.Text_box_Test.launcher(Text_box_Test.java:16)
at test.Text_box_Test.launcher(Text_box_Test.java:16)
at test.Text_box_Test.launcher(Text_box_Test.java:16)
at test.Text_box_Test.launcher(Text_box_Test.java:16)
at test.Text_box_Test.launcher(Text_box_Test.java:16)
at test.Text_box_Test.launcher(Text_box_Test.java:16)
at test.Text_box_Test.launcher(Text_box_Test.java:16)
at test.Text_box_Test.launcher(Text_box_Test.java:16)
at test.Text_box_Test.launcher(Text_box_Test.java:16)
at test.Text_box_Test.launcher(Text_box_Test.java:16)
at test.Text_box_Test.launcher(Text_box_Test.java:16)
at test.Text_box_Test.launcher(Text_box_Test.java:16)
at test.Text_box_Test.launcher(Text_box_Test.java:16)
at test.Text_box_Test.launcher(Text_box_Test.java:16)
at test.Text_box_Test.launcher(Text_box_Test.java:16)
at test.Text_box_Test.launcher(Text_box_Test.java:16)
at test.Text_box_Test.launcher(Text_box_Test.java:16)
at test.Text_box_Test.launcher(Text_box_Test.java:16)
at test.Text_box_Test.launcher(Text_box_Test.java:16)
at test.Text_box_Test.launcher(Text_box_Test.java:16)
at test.Text_box_Test.launcher(Text_box_Test.java:16)
at test.Text_box_Test.launcher(Text_box_Test.java:16)
at test.Text_box_Test.launcher(Text_box_Test.java:16)
at test.Text_box_Test.launcher(Text_box_Test.java:16)
at test.Text_box_Test.launcher(Text_box_Test.java:16)
at test.Text_box_Test.launcher(Text_box_Test.java:16)
at test.Text_box_Test.launcher(Text_box_Test.java:16)
at test.Text_box_Test.launcher(Text_box_Test.java:16)
at test.Text_box_Test.launcher(Text_box_Test.java:16)
at test.Text_box_Test.launcher(Text_box_Test.java:16)
at test.Text_box_Test.launcher(Text_box_Test.java:16)
at test.Text_box_Test.launcher(Text_box_Test.java:16)
at test.Text_box_Test.launcher(Text_box_Test.java:16)
at test.Text_box_Test.launcher(Text_box_Test.java:16)
at test.Text_box_Test.launcher(Text_box_Test.java:16)
at test.Text_box_Test.launcher(Text_box_Test.java:16)
at test.Text_box_Test.launcher(Text_box_Test.java:16)
at test.Text_box_Test.launcher(Text_box_Test.java:16)
at test.Text_box_Test.launcher(Text_box_Test.java:16)
at test.Text_box_Test.launcher(Text_box_Test.java:16)
at test.Text_box_Test.launcher(Text_box_Test.java:16)
at test.Text_box_Test.launcher(Text_box_Test.java:16)
at test.Text_box_Test.launcher(Text_box_Test.java:16)
at test.Text_box_Test.launcher(Text_box_Test.java:16)
at test.Text_box_Test.launcher(Text_box_Test.java:16)
at test.Text_box_Test.launcher(Text_box_Test.java:16)
at test.Text_box_Test.launcher(Text_box_Test.java:16)
at test.Text_box_Test.launcher(Text_box_Test.java:16)
at test.Text_box_Test.launcher(Text_box_Test.java:16)
at test.Text_box_Test.launcher(Text_box_Test.java:16)
at test.Text_box_Test.launcher(Text_box_Test.java:16)
at test.Text_box_Test.launcher(Text_box_Test.java:16)
at test.Text_box_Test.launcher(Text_box_Test.java:16)
at test.Text_box_Test.launcher(Text_box_Test.java:16)
at test.Text_box_Test.launcher(Text_box_Test.java:16)
at test.Text_box_Test.launcher(Text_box_Test.java:16)
at test.Text_box_Test.launcher(Text_box_Test.java:16)
at test.Text_box_Test.launcher(Text_box_Test.java:16)
at test.Text_box_Test.launcher(Text_box_Test.java:16)
at test.Text_box_Test.launcher(Text_box_Test.java:16)
at test.Text_box_Test.launcher(Text_box_Test.java:16)
at test.Text_box_Test.launcher(Text_box_Test.java:16)
at test.Text_box_Test.launcher(Text_box_Test.java:16)
at test.Text_box_Test.launcher(Text_box_Test.java:16)
at test.Text_box_Test.launcher(Text_box_Test.java:16)
at test.Text_box_Test.launcher(Text_box_Test.java:16)
at test.Text_box_Test.launcher(Text_box_Test.java:16)
at test.Text_box_Test.launcher(Text_box_Test.java:16)
at test.Text_box_Test.launcher(Text_box_Test.java:16)
at test.Text_box_Test.launcher(Text_box_Test.java:16)
at test.Text_box_Test.launcher(Text_box_Test.java:16)
at test.Text_box_Test.launcher(Text_box_Test.java:16)
at test.Text_box_Test.launcher(Text_box_Test.java:16)
at test.Text_box_Test.launcher(Text_box_Test.java:16)
at test.Text_box_Test.launcher(Text_box_Test.java:16)
at test.Text_box_Test.launcher(Text_box_Test.java:16)
at test.Text_box_Test.launcher(Text_box_Test.java:16)
at test.Text_box_Test.launcher(Text_box_Test.java:16)
at test.Text_box_Test.launcher(Text_box_Test.java:16)
at test.Text_box_Test.launcher(Text_box_Test.java:16)
at test.Text_box_Test.launcher(Text_box_Test.java:16)
at test.Text_box_Test.launcher(Text_box_Test.java:16)
at test.Text_box_Test.launcher(Text_box_Test.java:16)
at test.Text_box_Test.launcher(Text_box_Test.java:16)
at test.Text_box_Test.launcher(Text_box_Test.java:16)
at test.Text_box_Test.launcher(Text_box_Test.java:16)
at test.Text_box_Test.launcher(Text_box_Test.java:16)
at test.Text_box_Test.launcher(Text_box_Test.java:16)
at test.Text_box_Test.launcher(Text_box_Test.java:16)
at test.Text_box_Test.launcher(Text_box_Test.java:16)
at test.Text_box_Test.launcher(Text_box_Test.java:16)
at test.Text_box_Test.launcher(Text_box_Test.java:16)
at test.Text_box_Test.launcher(Text_box_Test.java:16)
at test.Text_box_Test.launcher(Text_box_Test.java:16)
at test.Text_box_Test.launcher(Text_box_Test.java:16)
at test.Text_box_Test.launcher(Text_box_Test.java:16)
at test.Text_box_Test.launcher(Text_box_Test.java:16)
at test.Text_box_Test.launcher(Text_box_Test.java:16)
at test.Text_box_Test.launcher(Text_box_Test.java:16)
at test.Text_box_Test.launcher(Text_box_Test.java:16)
at test.Text_box_Test.launcher(Text_box_Test.java:16)
at test.Text_box_Test.launcher(Text_box_Test.java:16)
at test.Text_box_Test.launcher(Text_box_Test.java:16)
at test.Text_box_Test.launcher(Text_box_Test.java:16)
at test.Text_box_Test.launcher(Text_box_Test.java:16)
at test.Text_box_Test.launcher(Text_box_Test.java:16)
at test.Text_box_Test.launcher(Text_box_Test.java:16)
at test.Text_box_Test.launcher(Text_box_Test.java:16)
at test.Text_box_Test.launcher(Text_box_Test.java:16)
at test.Text_box_Test.launcher(Text_box_Test.java:16)
at test.Text_box_Test.launcher(Text_box_Test.java:16)
at test.Text_box_Test.launcher(Text_box_Test.java:16)
at test.Text_box_Test.launcher(Text_box_Test.java:16)
at test.Text_box_Test.launcher(Text_box_Test.java:16)
at test.Text_box_Test.launcher(Text_box_Test.java:16)
at test.Text_box_Test.launcher(Text_box_Test.java:16)
at test.Text_box_Test.launcher(Text_box_Test.java:16)
at test.Text_box_Test.launcher(Text_box_Test.java:16)
at test.Text_box_Test.launcher(Text_box_Test.java:16)
at test.Text_box_Test.launcher(Text_box_Test.java:16)
at test.Text_box_Test.launcher(Text_box_Test.java:16)
at test.Text_box_Test.launcher(Text_box_Test.java:16)
at test.Text_box_Test.launcher(Text_box_Test.java:16)
at test.Text_box_Test.launcher(Text_box_Test.java:16)
at test.Text_box_Test.launcher(Text_box_Test.java:16)
at test.Text_box_Test.launcher(Text_box_Test.java:16)
at test.Text_box_Test.launcher(Text_box_Test.java:16)
at test.Text_box_Test.launcher(Text_box_Test.java:16)
at test.Text_box_Test.launcher(Text_box_Test.java:16)
at test.Text_box_Test.launcher(Text_box_Test.java:16)
at test.Text_box_Test.launcher(Text_box_Test.java:16)
at test.Text_box_Test.launcher(Text_box_Test.java:16)
at test.Text_box_Test.launcher(Text_box_Test.java:16)
at test.Text_box_Test.launcher(Text_box_Test.java:16)
at test.Text_box_Test.launcher(Text_box_Test.java:16)
at test.Text_box_Test.launcher(Text_box_Test.java:16)
at test.Text_box_Test.launcher(Text_box_Test.java:16)
at test.Text_box_Test.launcher(Text_box_Test.java:16)
at test.Text_box_Test.launcher(Text_box_Test.java:16)
at test.Text_box_Test.launcher(Text_box_Test.java:16)
at test.Text_box_Test.launcher(Text_box_Test.java:16)
at test.Text_box_Test.launcher(Text_box_Test.java:16)
at test.Text_box_Test.launcher(Text_box_Test.java:16)
at test.Text_box_Test.launcher(Text_box_Test.java:16)
at test.Text_box_Test.launcher(Text_box_Test.java:16)
at test.Text_box_Test.launcher(Text_box_Test.java:16)
at test.Text_box_Test.launcher(Text_box_Test.java:16)
at test.Text_box_Test.launcher(Text_box_Test.java:16)
at test.Text_box_Test.launcher(Text_box_Test.java:16)
at test.Text_box_Test.launcher(Text_box_Test.java:16)
at test.Text_box_Test.launcher(Text_box_Test.java:16)
at test.Text_box_Test.launcher(Text_box_Test.java:16)
at test.Text_box_Test.launcher(Text_box_Test.java:16)
at test.Text_box_Test.launcher(Text_box_Test.java:16)
at test.Text_box_Test.launcher(Text_box_Test.java:16)
at test.Text_box_Test.launcher(Text_box_Test.java:16)
at test.Text_box_Test.launcher(Text_box_Test.java:16)
at test.Text_box_Test.launcher(Text_box_Test.java:16)
at test.Text_box_Test.launcher(Text_box_Test.java:16)
at test.Text_box_Test.launcher(Text_box_Test.java:16)
at test.Text_box_Test.launcher(Text_box_Test.java:16)
at test.Text_box_Test.launcher(Text_box_Test.java:16)
at test.Text_box_Test.launcher(Text_box_Test.java:16)
at test.Text_box_Test.launcher(Text_box_Test.java:16)
at test.Text_box_Test.launcher(Text_box_Test.java:16)
at test.Text_box_Test.launcher(Text_box_Test.java:16)
at test.Text_box_Test.launcher(Text_box_Test.java:16)
at test.Text_box_Test.launcher(Text_box_Test.java:16)
at test.Text_box_Test.launcher(Text_box_Test.java:16)
at test.Text_box_Test.launcher(Text_box_Test.java:16)
at test.Text_box_Test.launcher(Text_box_Test.java:16)
at test.Text_box_Test.launcher(Text_box_Test.java:16)
at test.Text_box_Test.launcher(Text_box_Test.java:16)
at test.Text_box_Test.launcher(Text_box_Test.java:16)
at test.Text_box_Test.launcher(Text_box_Test.java:16)
at test.Text_box_Test.launcher(Text_box_Test.java:16)
at test.Text_box_Test.launcher(Text_box_Test.java:16)
at test.Text_box_Test.launcher(Text_box_Test.java:16)
at test.Text_box_Test.launcher(Text_box_Test.java:16)
at test.Text_box_Test.launcher(Text_box_Test.java:16)
at test.Text_box_Test.launcher(Text_box_Test.java:16)
at test.Text_box_Test.launcher(Text_box_Test.java:16)
at test.Text_box_Test.launcher(Text_box_Test.java:16)
at test.Text_box_Test.launcher(Text_box_Test.java:16)
at test.Text_box_Test.launcher(Text_box_Test.java:16)
at test.Text_box_Test.launcher(Text_box_Test.java:16)
at test.Text_box_Test.launcher(Text_box_Test.java:16)
at test.Text_box_Test.launcher(Text_box_Test.java:16)
at test.Text_box_Test.launcher(Text_box_Test.java:16)
at test.Text_box_Test.launcher(Text_box_Test.java:16)
at test.Text_box_Test.launcher(Text_box_Test.java:16)
at test.Text_box_Test.launcher(Text_box_Test.java:16)
at test.Text_box_Test.launcher(Text_box_Test.java:16)
at test.Text_box_Test.launcher(Text_box_Test.java:16)
at test.Text_box_Test.launcher(Text_box_Test.java:16)
at test.Text_box_Test.launcher(Text_box_Test.java:16)
at test.Text_box_Test.launcher(Text_box_Test.java:16)
at test.Text_box_Test.launcher(Text_box_Test.java:16)
at test.Text_box_Test.launcher(Text_box_Test.java:16)
at test.Text_box_Test.launcher(Text_box_Test.java:16)
at test.Text_box_Test.launcher(Text_box_Test.java:16)
at test.Text_box_Test.launcher(Text_box_Test.java:16)
at test.Text_box_Test.launcher(Text_box_Test.java:16)
at test.Text_box_Test.launcher(Text_box_Test.java:16)
at test.Text_box_Test.launcher(Text_box_Test.java:16)
at test.Text_box_Test.launcher(Text_box_Test.java:16)
at test.Text_box_Test.launcher(Text_box_Test.java:16)
at test.Text_box_Test.launcher(Text_box_Test.java:16)
at test.Text_box_Test.launcher(Text_box_Test.java:16)
at test.Text_box_Test.launcher(Text_box_Test.java:16)
at test.Text_box_Test.launcher(Text_box_Test.java:16)
at test.Text_box_Test.launcher(Text_box_Test.java:16)
at test.Text_box_Test.launcher(Text_box_Test.java:16)
at test.Text_box_Test.launcher(Text_box_Test.java:16)
at test.Text_box_Test.launcher(Text_box_Test.java:16)
at test.Text_box_Test.launcher(Text_box_Test.java:16)
at test.Text_box_Test.launcher(Text_box_Test.java:16)
at test.Text_box_Test.launcher(Text_box_Test.java:16)
at test.Text_box_Test.launcher(Text_box_Test.java:16)
at test.Text_box_Test.launcher(Text_box_Test.java:16)
at test.Text_box_Test.launcher(Text_box_Test.java:16)
at test.Text_box_Test.launcher(Text_box_Test.java:16)
at test.Text_box_Test.launcher(Text_box_Test.java:16)
at test.Text_box_Test.launcher(Text_box_Test.java:16)
at test.Text_box_Test.launcher(Text_box_Test.java:16)
at test.Text_box_Test.launcher(Text_box_Test.java:16)
at test.Text_box_Test.launcher(Text_box_Test.java:16)
at test.Text_box_Test.launcher(Text_box_Test.java:16)
at test.Text_box_Test.launcher(Text_box_Test.java:16)
at test.Text_box_Test.launcher(Text_box_Test.java:16)
at test.Text_box_Test.launcher(Text_box_Test.java:16)
at test.Text_box_Test.launcher(Text_box_Test.java:16)
at test.Text_box_Test.launcher(Text_box_Test.java:16)
at test.Text_box_Test.launcher(Text_box_Test.java:16)
at test.Text_box_Test.launcher(Text_box_Test.java:16)
at test.Text_box_Test.launcher(Text_box_Test.java:16)
at test.Text_box_Test.launcher(Text_box_Test.java:16)
at test.Text_box_Test.launcher(Text_box_Test.java:16)
at test.Text_box_Test.launcher(Text_box_Test.java:16)
at test.Text_box_Test.launcher(Text_box_Test.java:16)
at test.Text_box_Test.launcher(Text_box_Test.java:16)
at test.Text_box_Test.launcher(Text_box_Test.java:16)
at test.Text_box_Test.launcher(Text_box_Test.java:16)
at test.Text_box_Test.launcher(Text_box_Test.java:16)
at test.Text_box_Test.launcher(Text_box_Test.java:16)
at test.Text_box_Test.launcher(Text_box_Test.java:16)
at test.Text_box_Test.launcher(Text_box_Test.java:16)
at test.Text_box_Test.launcher(Text_box_Test.java:16)
at test.Text_box_Test.launcher(Text_box_Test.java:16)
at test.Text_box_Test.launcher(Text_box_Test.java:16)
at test.Text_box_Test.launcher(Text_box_Test.java:16)
at test.Text_box_Test.launcher(Text_box_Test.java:16)
at test.Text_box_Test.launcher(Text_box_Test.java:16)
at test.Text_box_Test.launcher(Text_box_Test.java:16)
at test.Text_box_Test.launcher(Text_box_Test.java:16)
at test.Text_box_Test.launcher(Text_box_Test.java:16)
at test.Text_box_Test.launcher(Text_box_Test.java:16)
at test.Text_box_Test.launcher(Text_box_Test.java:16)
at test.Text_box_Test.launcher(Text_box_Test.java:16)
at test.Text_box_Test.launcher(Text_box_Test.java:16)
at test.Text_box_Test.launcher(Text_box_Test.java:16)
at test.Text_box_Test.launcher(Text_box_Test.java:16)
at test.Text_box_Test.launcher(Text_box_Test.java:16)
at test.Text_box_Test.launcher(Text_box_Test.java:16)
at test.Text_box_Test.launcher(Text_box_Test.java:16)
at test.Text_box_Test.launcher(Text_box_Test.java:16)
at test.Text_box_Test.launcher(Text_box_Test.java:16)
at test.Text_box_Test.launcher(Text_box_Test.java:16)
at test.Text_box_Test.launcher(Text_box_Test.java:16)
at test.Text_box_Test.launcher(Text_box_Test.java:16)
at test.Text_box_Test.launcher(Text_box_Test.java:16)
at test.Text_box_Test.launcher(Text_box_Test.java:16)
at test.Text_box_Test.launcher(Text_box_Test.java:16)
at test.Text_box_Test.launcher(Text_box_Test.java:16)
at test.Text_box_Test.launcher(Text_box_Test.java:16)
at test.Text_box_Test.launcher(Text_box_Test.java:16)
at test.Text_box_Test.launcher(Text_box_Test.java:16)
at test.Text_box_Test.launcher(Text_box_Test.java:16)
at test.Text_box_Test.launcher(Text_box_Test.java:16)
at test.Text_box_Test.launcher(Text_box_Test.java:16)
at test.Text_box_Test.launcher(Text_box_Test.java:16)
at test.Text_box_Test.launcher(Text_box_Test.java:16)
at test.Text_box_Test.launcher(Text_box_Test.java:16)
at test.Text_box_Test.launcher(Text_box_Test.java:16)
at test.Text_box_Test.launcher(Text_box_Test.java:16)
at test.Text_box_Test.launcher(Text_box_Test.java:16)
at test.Text_box_Test.launcher(Text_box_Test.java:16)
at test.Text_box_Test.launcher(Text_box_Test.java:16)
at test.Text_box_Test.launcher(Text_box_Test.java:16)
at test.Text_box_Test.launcher(Text_box_Test.java:16)
at test.Text_box_Test.launcher(Text_box_Test.java:16)
at test.Text_box_Test.launcher(Text_box_Test.java:16)
at test.Text_box_Test.launcher(Text_box_Test.java:16)
at test.Text_box_Test.launcher(Text_box_Test.java:16)
at test.Text_box_Test.launcher(Text_box_Test.java:16)
at test.Text_box_Test.launcher(Text_box_Test.java:16)
at test.Text_box_Test.launcher(Text_box_Test.java:16)
at test.Text_box_Test.launcher(Text_box_Test.java:16)
at test.Text_box_Test.launcher(Text_box_Test.java:16)
at test.Text_box_Test.launcher(Text_box_Test.java:16)
at test.Text_box_Test.launcher(Text_box_Test.java:16)
at test.Text_box_Test.launcher(Text_box_Test.java:16)
at test.Text_box_Test.launcher(Text_box_Test.java:16)
at test.Text_box_Test.launcher(Text_box_Test.java:16)
at test.Text_box_Test.launcher(Text_box_Test.java:16)
at test.Text_box_Test.launcher(Text_box_Test.java:16)
at test.Text_box_Test.launcher(Text_box_Test.java:16)
at test.Text_box_Test.launcher(Text_box_Test.java:16)
at test.Text_box_Test.launcher(Text_box_Test.java:16)
at test.Text_box_Test.launcher(Text_box_Test.java:16)
at test.Text_box_Test.launcher(Text_box_Test.java:16)
at test.Text_box_Test.launcher(Text_box_Test.java:16)
at test.Text_box_Test.launcher(Text_box_Test.java:16)
at test.Text_box_Test.launcher(Text_box_Test.java:16)
at test.Text_box_Test.launcher(Text_box_Test.java:16)
at test.Text_box_Test.launcher(Text_box_Test.java:16)
at test.Text_box_Test.launcher(Text_box_Test.java:16)
at test.Text_box_Test.launcher(Text_box_Test.java:16)
at test.Text_box_Test.launcher(Text_box_Test.java:16)
at test.Text_box_Test.launcher(Text_box_Test.java:16)
at test.Text_box_Test.launcher(Text_box_Test.java:16)
at test.Text_box_Test.launcher(Text_box_Test.java:16)
at test.Text_box_Test.launcher(Text_box_Test.java:16)
at test.Text_box_Test.launcher(Text_box_Test.java:16)
at test.Text_box_Test.launcher(Text_box_Test.java:16)
at test.Text_box_Test.launcher(Text_box_Test.java:16)
at test.Text_box_Test.launcher(Text_box_Test.java:16)
at test.Text_box_Test.launcher(Text_box_Test.java:16)
at test.Text_box_Test.launcher(Text_box_Test.java:16)
at test.Text_box_Test.launcher(Text_box_Test.java:16)
at test.Text_box_Test.launcher(Text_box_Test.java:16)
at test.Text_box_Test.launcher(Text_box_Test.java:16)
at test.Text_box_Test.launcher(Text_box_Test.java:16)
at test.Text_box_Test.launcher(Text_box_Test.java:16)
at test.Text_box_Test.launcher(Text_box_Test.java:16)
at test.Text_box_Test.launcher(Text_box_Test.java:16)
at test.Text_box_Test.launcher(Text_box_Test.java:16)
at test.Text_box_Test.launcher(Text_box_Test.java:16)
at test.Text_box_Test.launcher(Text_box_Test.java:16)
at test.Text_box_Test.launcher(Text_box_Test.java:16)
at test.Text_box_Test.launcher(Text_box_Test.java:16)
at test.Text_box_Test.launcher(Text_box_Test.java:16)
at test.Text_box_Test.launcher(Text_box_Test.java:16)
at test.Text_box_Test.launcher(Text_box_Test.java:16)
at test.Text_box_Test.launcher(Text_box_Test.java:16)
at test.Text_box_Test.launcher(Text_box_Test.java:16)
at test.Text_box_Test.launcher(Text_box_Test.java:16)
at test.Text_box_Test.launcher(Text_box_Test.java:16)
at test.Text_box_Test.launcher(Text_box_Test.java:16)
at test.Text_box_Test.launcher(Text_box_Test.java:16)
at test.Text_box_Test.launcher(Text_box_Test.java:16)
at test.Text_box_Test.launcher(Text_box_Test.java:16)
at test.Text_box_Test.launcher(Text_box_Test.java:16)
at test.Text_box_Test.launcher(Text_box_Test.java:16)
at test.Text_box_Test.launcher(Text_box_Test.java:16)
at test.Text_box_Test.launcher(Text_box_Test.java:16)
at test.Text_box_Test.launcher(Text_box_Test.java:16)
at test.Text_box_Test.launcher(Text_box_Test.java:16)
at test.Text_box_Test.launcher(Text_box_Test.java:16)
at test.Text_box_Test.launcher(Text_box_Test.java:16)
at test.Text_box_Test.launcher(Text_box_Test.java:16)
at test.Text_box_Test.launcher(Text_box_Test.java:16)
at test.Text_box_Test.launcher(Text_box_Test.java:16)
at test.Text_box_Test.launcher(Text_box_Test.java:16)
at test.Text_box_Test.launcher(Text_box_Test.java:16)
at test.Text_box_Test.launcher(Text_box_Test.java:16)
at test.Text_box_Test.launcher(Text_box_Test.java:16)
at test.Text_box_Test.launcher(Text_box_Test.java:16)
at test.Text_box_Test.launcher(Text_box_Test.java:16)
at test.Text_box_Test.launcher(Text_box_Test.java:16)
at test.Text_box_Test.launcher(Text_box_Test.java:16)
at test.Text_box_Test.launcher(Text_box_Test.java:16)
at test.Text_box_Test.launcher(Text_box_Test.java:16)
at test.Text_box_Test.launcher(Text_box_Test.java:16)
at test.Text_box_Test.launcher(Text_box_Test.java:16)
at test.Text_box_Test.launcher(Text_box_Test.java:16)
at test.Text_box_Test.launcher(Text_box_Test.java:16)
at test.Text_box_Test.launcher(Text_box_Test.java:16)
at test.Text_box_Test.launcher(Text_box_Test.java:16)
at test.Text_box_Test.launcher(Text_box_Test.java:16)
at test.Text_box_Test.launcher(Text_box_Test.java:16)
at test.Text_box_Test.launcher(Text_box_Test.java:16)
at test.Text_box_Test.launcher(Text_box_Test.java:16)
at test.Text_box_Test.launcher(Text_box_Test.java:16)
at test.Text_box_Test.launcher(Text_box_Test.java:16)
at test.Text_box_Test.launcher(Text_box_Test.java:16)
at test.Text_box_Test.launcher(Text_box_Test.java:16)
at test.Text_box_Test.launcher(Text_box_Test.java:16)
at test.Text_box_Test.launcher(Text_box_Test.java:16)
at test.Text_box_Test.launcher(Text_box_Test.java:16)
at test.Text_box_Test.launcher(Text_box_Test.java:16)
at test.Text_box_Test.launcher(Text_box_Test.java:16)
at test.Text_box_Test.launcher(Text_box_Test.java:16)
at test.Text_box_Test.launcher(Text_box_Test.java:16)
at test.Text_box_Test.launcher(Text_box_Test.java:16)
at test.Text_box_Test.launcher(Text_box_Test.java:16)
at test.Text_box_Test.launcher(Text_box_Test.java:16)
at test.Text_box_Test.launcher(Text_box_Test.java:16)
at test.Text_box_Test.launcher(Text_box_Test.java:16)
at test.Text_box_Test.launcher(Text_box_Test.java:16)
at test.Text_box_Test.launcher(Text_box_Test.java:16)
at test.Text_box_Test.launcher(Text_box_Test.java:16)
at test.Text_box_Test.launcher(Text_box_Test.java:16)
at test.Text_box_Test.launcher(Text_box_Test.java:16)
at test.Text_box_Test.launcher(Text_box_Test.java:16)
at test.Text_box_Test.launcher(Text_box_Test.java:16)
at test.Text_box_Test.launcher(Text_box_Test.java:16)
at test.Text_box_Test.launcher(Text_box_Test.java:16)
at test.Text_box_Test.launcher(Text_box_Test.java:16)
at test.Text_box_Test.launcher(Text_box_Test.java:16)
at test.Text_box_Test.launcher(Text_box_Test.java:16)
at test.Text_box_Test.launcher(Text_box_Test.java:16)
at test.Text_box_Test.launcher(Text_box_Test.java:16)
at test.Text_box_Test.launcher(Text_box_Test.java:16)
at test.Text_box_Test.launcher(Text_box_Test.java:16)
at test.Text_box_Test.launcher(Text_box_Test.java:16)
at test.Text_box_Test.launcher(Text_box_Test.java:16)
at test.Text_box_Test.launcher(Text_box_Test.java:16)
at test.Text_box_Test.launcher(Text_box_Test.java:16)
at test.Text_box_Test.launcher(Text_box_Test.java:16)
at test.Text_box_Test.launcher(Text_box_Test.java:16)
at test.Text_box_Test.launcher(Text_box_Test.java:16)
at test.Text_box_Test.launcher(Text_box_Test.java:16)
at test.Text_box_Test.launcher(Text_box_Test.java:16)
at test.Text_box_Test.launcher(Text_box_Test.java:16)
at test.Text_box_Test.launcher(Text_box_Test.java:16)
at test.Text_box_Test.launcher(Text_box_Test.java:16)
at test.Text_box_Test.launcher(Text_box_Test.java:16)
at test.Text_box_Test.launcher(Text_box_Test.java:16)
at test.Text_box_Test.launcher(Text_box_Test.java:16)
at test.Text_box_Test.launcher(Text_box_Test.java:16)
at test.Text_box_Test.launcher(Text_box_Test.java:16)
at test.Text_box_Test.launcher(Text_box_Test.java:16)
at test.Text_box_Test.launcher(Text_box_Test.java:16)
at test.Text_box_Test.launcher(Text_box_Test.java:16)
at test.Text_box_Test.launcher(Text_box_Test.java:16)
at test.Text_box_Test.launcher(Text_box_Test.java:16)
at test.Text_box_Test.launcher(Text_box_Test.java:16)
at test.Text_box_Test.launcher(Text_box_Test.java:16)
at test.Text_box_Test.launcher(Text_box_Test.java:16)
at test.Text_box_Test.launcher(Text_box_Test.java:16)
at test.Text_box_Test.launcher(Text_box_Test.java:16)
at test.Text_box_Test.launcher(Text_box_Test.java:16)
at test.Text_box_Test.launcher(Text_box_Test.java:16)
at test.Text_box_Test.launcher(Text_box_Test.java:16)
at test.Text_box_Test.launcher(Text_box_Test.java:16)
at test.Text_box_Test.launcher(Text_box_Test.java:16)
at test.Text_box_Test.launcher(Text_box_Test.java:16)
at test.Text_box_Test.launcher(Text_box_Test.java:16)
at test.Text_box_Test.launcher(Text_box_Test.java:16)
at test.Text_box_Test.launcher(Text_box_Test.java:16)
at test.Text_box_Test.launcher(Text_box_Test.java:16)
at test.Text_box_Test.launcher(Text_box_Test.java:16)
at test.Text_box_Test.launcher(Text_box_Test.java:16)
at test.Text_box_Test.launcher(Text_box_Test.java:16)
at test.Text_box_Test.launcher(Text_box_Test.java:16)
at test.Text_box_Test.launcher(Text_box_Test.java:16)
at test.Text_box_Test.launcher(Text_box_Test.java:16)
at test.Text_box_Test.launcher(Text_box_Test.java:16)
at test.Text_box_Test.launcher(Text_box_Test.java:16)
at test.Text_box_Test.launcher(Text_box_Test.java:16)
at test.Text_box_Test.launcher(Text_box_Test.java:16)
at test.Text_box_Test.launcher(Text_box_Test.java:16)
at test.Text_box_Test.launcher(Text_box_Test.java:16)
at test.Text_box_Test.launcher(Text_box_Test.java:16)
at test.Text_box_Test.launcher(Text_box_Test.java:16)
at test.Text_box_Test.launcher(Text_box_Test.java:16)
at test.Text_box_Test.launcher(Text_box_Test.java:16)
at test.Text_box_Test.launcher(Text_box_Test.java:16)
at test.Text_box_Test.launcher(Text_box_Test.java:16)
at test.Text_box_Test.launcher(Text_box_Test.java:16)
at test.Text_box_Test.launcher(Text_box_Test.java:16)
at test.Text_box_Test.launcher(Text_box_Test.java:16)
at test.Text_box_Test.launcher(Text_box_Test.java:16)
at test.Text_box_Test.launcher(Text_box_Test.java:16)
at test.Text_box_Test.launcher(Text_box_Test.java:16)
at test.Text_box_Test.launcher(Text_box_Test.java:16)
at test.Text_box_Test.launcher(Text_box_Test.java:16)
at test.Text_box_Test.launcher(Text_box_Test.java:16)
at test.Text_box_Test.launcher(Text_box_Test.java:16)
at test.Text_box_Test.launcher(Text_box_Test.java:16)
at test.Text_box_Test.launcher(Text_box_Test.java:16)
at test.Text_box_Test.launcher(Text_box_Test.java:16)
at test.Text_box_Test.launcher(Text_box_Test.java:16)
at test.Text_box_Test.launcher(Text_box_Test.java:16)
at test.Text_box_Test.launcher(Text_box_Test.java:16)
at test.Text_box_Test.launcher(Text_box_Test.java:16)
at test.Text_box_Test.launcher(Text_box_Test.java:16)
at test.Text_box_Test.launcher(Text_box_Test.java:16)
at test.Text_box_Test.launcher(Text_box_Test.java:16)
at test.Text_box_Test.launcher(Text_box_Test.java:16)
at test.Text_box_Test.launcher(Text_box_Test.java:16)
at test.Text_box_Test.launcher(Text_box_Test.java:16)
at test.Text_box_Test.launcher(Text_box_Test.java:16)
at test.Text_box_Test.launcher(Text_box_Test.java:16)
at test.Text_box_Test.launcher(Text_box_Test.java:16)
at test.Text_box_Test.launcher(Text_box_Test.java:16)
at test.Text_box_Test.launcher(Text_box_Test.java:16)
at test.Text_box_Test.launcher(Text_box_Test.java:16)
at test.Text_box_Test.launcher(Text_box_Test.java:16)
at test.Text_box_Test.launcher(Text_box_Test.java:16)
at test.Text_box_Test.launcher(Text_box_Test.java:16)
at test.Text_box_Test.launcher(Text_box_Test.java:16)
at test.Text_box_Test.launcher(Text_box_Test.java:16)
at test.Text_box_Test.launcher(Text_box_Test.java:16)
at test.Text_box_Test.launcher(Text_box_Test.java:16)
at test.Text_box_Test.launcher(Text_box_Test.java:16)
at test.Text_box_Test.launcher(Text_box_Test.java:16)
at test.Text_box_Test.launcher(Text_box_Test.java:16)
at test.Text_box_Test.launcher(Text_box_Test.java:16)
at test.Text_box_Test.launcher(Text_box_Test.java:16)
at test.Text_box_Test.launcher(Text_box_Test.java:16)
at test.Text_box_Test.launcher(Text_box_Test.java:16)
at test.Text_box_Test.launcher(Text_box_Test.java:16)
at test.Text_box_Test.launcher(Text_box_Test.java:16)
at test.Text_box_Test.launcher(Text_box_Test.java:16)
at test.Text_box_Test.launcher(Text_box_Test.java:16)
at test.Text_box_Test.launcher(Text_box_Test.java:16)
at test.Text_box_Test.launcher(Text_box_Test.java:16)
at test.Text_box_Test.launcher(Text_box_Test.java:16)
at test.Text_box_Test.launcher(Text_box_Test.java:16)
at test.Text_box_Test.launcher(Text_box_Test.java:16)
]]>
    </error>
  </testcase> <!-- launcher -->
  <system-out/>
  <testcase classname="test.Text_box_Test" name="clickAtClose" time="0.000">
    <skipped/>
  </testcase> <!-- clickAtClose -->
  <system-out/>
  <testcase classname="test.Text_box_Test" name="clickAtPractice" time="0.000">
    <skipped/>
  </testcase> <!-- clickAtPractice -->
  <system-out/>
  <testcase classname="test.Text_box_Test" name="clickAtElment" time="0.000">
    <skipped/>
  </testcase> <!-- clickAtElment -->
  <system-out/>
  <testcase classname="test.Text_box_Test" name="clickAtTextbox" time="0.000">
    <skipped/>
  </testcase> <!-- clickAtTextbox -->
  <system-out/>
  <testcase classname="test.Text_box_Test" name="clickAtFillDetailes" time="0.000">
    <skipped/>
  </testcase> <!-- clickAtFillDetailes -->
  <system-out/>
  <testcase classname="test.Text_box_Test" name="clickAtValidation" time="0.000">
    <skipped/>
  </testcase> <!-- clickAtValidation -->
  <system-out/>
</testsuite> <!-- test.Text_box_Test -->
