<?xml version="1.0" encoding="UTF-8"?>
<!-- Generated by org.testng.reporters.JUnitReportReporter -->
<testsuite hostname="LAPTOP-FUN2M76R" failures="0" tests="5" name="test.SelectMenuTest" time="3.696" errors="0" timestamp="2025-03-23T12:06:18 IST" skipped="0">
  <testcase classname="test.SelectMenuTest" name="clickAtClose" time="0.219"/>
  <system-out/>
  <testcase classname="test.SelectMenuTest" name="clickAtPractice" time="2.029"/>
  <system-out/>
  <testcase classname="test.SelectMenuTest" name="clickAtWidget" time="0.417"/>
  <system-out/>
  <testcase classname="test.SelectMenuTest" name="clickAtSelectMenu" time="0.767"/>
  <system-out/>
  <testcase classname="test.SelectMenuTest" name="clickAtSelectValue" time="0.264"/>
  <system-out/>
</testsuite> <!-- test.SelectMenuTest -->
