<?xml version="1.0" encoding="UTF-8"?>
<!-- Generated by org.testng.reporters.JUnitReportReporter -->
<testsuite hostname="LAPTOP-FUN2M76R" failures="0" tests="5" name="test.BrokenImage_Test" time="6.713" errors="0" timestamp="2025-02-12T22:45:53 IST" skipped="0">
  <testcase classname="test.BrokenImage_Test" name="clickAtclose" time="0.464"/>
  <system-out/>
  <testcase classname="test.BrokenImage_Test" name="clickAtPractice" time="2.171"/>
  <system-out/>
  <testcase classname="test.BrokenImage_Test" name="clickAtElement" time="0.284"/>
  <system-out/>
  <testcase classname="test.BrokenImage_Test" name="clickAtBrokenImage" time="0.432"/>
  <system-out/>
  <testcase classname="test.BrokenImage_Test" name="clickAtVerify" time="3.362"/>
  <system-out/>
</testsuite> <!-- test.BrokenImage_Test -->
