<?xml version="1.0" encoding="UTF-8"?>
<!-- Generated by org.testng.reporters.JUnitReportReporter -->
<testsuite hostname="LAPTOP-FUN2M76R" failures="0" tests="6" name="test.TextboxTest" time="5.697" errors="0" timestamp="2025-02-09T16:07:56 IST" skipped="0">
  <testcase classname="test.TextboxTest" name="clickAtClose" time="0.265"/>
  <system-out/>
  <testcase classname="test.TextboxTest" name="clickAtPractice" time="2.035"/>
  <system-out/>
  <testcase classname="test.TextboxTest" name="clickAtElement" time="0.266"/>
  <system-out/>
  <testcase classname="test.TextboxTest" name="clickAttextBox" time="0.311"/>
  <system-out/>
  <testcase classname="test.TextboxTest" name="clickAtFillDetails" time="2.415"/>
  <system-out/>
  <testcase classname="test.TextboxTest" name="clickAtVallidation" time="0.405"/>
  <system-out/>
</testsuite> <!-- test.TextboxTest -->
