<?xml version="1.0" encoding="UTF-8"?>
<!-- Generated by org.testng.reporters.JUnitReportReporter -->
<testsuite hostname="LAPTOP-FUN2M76R" failures="0" tests="8" name="test.Alerts_Test" time="15.495" errors="0" timestamp="2025-02-20T12:40:36 IST" skipped="0">
  <testcase classname="test.Alerts_Test" name="clickAtClose" time="0.339"/>
  <system-out/>
  <testcase classname="test.Alerts_Test" name="clickAtPractice" time="2.075"/>
  <system-out/>
  <testcase classname="test.Alerts_Test" name="clickAtAlertFrameWindow" time="2.228"/>
  <system-out/>
  <testcase classname="test.Alerts_Test" name="clickAtAlerts" time="0.382"/>
  <system-out/>
  <testcase classname="test.Alerts_Test" name="clickAtMyalerts" time="0.368"/>
  <system-out/>
  <testcase classname="test.Alerts_Test" name="clickAtAlerts5sec" time="6.374"/>
  <system-out/>
  <testcase classname="test.Alerts_Test" name="clickAtMyconfirmAlerts" time="3.308"/>
  <system-out/>
  <testcase classname="test.Alerts_Test" name="clickAtMypromptsalerts" time="0.421"/>
  <system-out/>
</testsuite> <!-- test.Alerts_Test -->
