<?xml version="1.0" encoding="UTF-8"?>
<!-- Generated by org.testng.reporters.JUnitReportReporter -->
<testsuite hostname="LAPTOP-FUN2M76R" failures="0" tests="7" name="test.Accordian_Test" time="6.662" errors="0" timestamp="2025-03-04T08:49:27 IST" skipped="1">
  <testcase classname="test.Accordian_Test" name="clickAtClose" time="0.406"/>
  <system-out/>
  <testcase classname="test.Accordian_Test" name="clickAtPractice" time="2.182"/>
  <system-out/>
  <testcase classname="test.Accordian_Test" name="clickAtWidget" time="0.153"/>
  <system-out/>
  <testcase classname="test.Accordian_Test" name="clickAtAccordian" time="0.207"/>
  <system-out/>
  <testcase classname="test.Accordian_Test" name="clickAtParagraph1" time="3.408"/>
  <system-out/>
  <testcase classname="test.Accordian_Test" name="clickAtPragraph2" time="0.306"/>
  <system-out/>
  <testcase classname="test.Accordian_Test" name="clickAtPragraph3">
    <skipped/>
  </testcase> <!-- clickAtPragraph3 -->
  <system-out/>
</testsuite> <!-- test.Accordian_Test -->
