<?xml version="1.0" encoding="UTF-8"?>
<!-- Generated by org.testng.reporters.JUnitReportReporter -->
<testsuite hostname="LAPTOP-FUN2M76R" failures="0" tests="7" name="test.RadiobuttonTest" time="3.574" errors="0" timestamp="2025-02-18T14:06:07 IST" skipped="0">
  <testcase classname="test.RadiobuttonTest" name="clickAtClose" time="0.514"/>
  <system-out/>
  <testcase classname="test.RadiobuttonTest" name="clcikAtPractice" time="1.664"/>
  <system-out/>
  <testcase classname="test.RadiobuttonTest" name="clickAtElement" time="0.345"/>
  <system-out/>
  <testcase classname="test.RadiobuttonTest" name="clickAtRadiobutton" time="0.364"/>
  <system-out/>
  <testcase classname="test.RadiobuttonTest" name="clickAtYesbutton" time="0.233"/>
  <system-out/>
  <testcase classname="test.RadiobuttonTest" name="clickAtImpressive" time="0.253"/>
  <system-out/>
  <testcase classname="test.RadiobuttonTest" name="clickAtNobutton" time="0.201"/>
  <system-out/>
</testsuite> <!-- test.RadiobuttonTest -->
