<?xml version="1.0" encoding="UTF-8"?>
<!-- Generated by org.testng.reporters.JUnitReportReporter -->
<testsuite hostname="LAPTOP-FUN2M76R" failures="0" tests="5" name="test.UploadDownloadTest" time="10.614" errors="0" timestamp="2025-02-09T16:07:56 IST" skipped="0">
  <testcase classname="test.UploadDownloadTest" name="clickAtClose" time="4.799"/>
  <system-out/>
  <testcase classname="test.UploadDownloadTest" name="clickAtPractice" time="3.308"/>
  <system-out/>
  <testcase classname="test.UploadDownloadTest" name="clickAtElement" time="0.463"/>
  <system-out/>
  <testcase classname="test.UploadDownloadTest" name="clickAtUploadDownload" time="0.332"/>
  <system-out/>
  <testcase classname="test.UploadDownloadTest" name="clickAtUpload" time="1.712"/>
  <system-out/>
</testsuite> <!-- test.UploadDownloadTest -->
