<?xml version="1.0" encoding="UTF-8"?>
<!-- Generated by org.testng.reporters.JUnitReportReporter -->
<testsuite hostname="LAPTOP-FUN2M76R" failures="0" tests="5" name="test.BrokenImage_Test" time="9.344" errors="0" timestamp="2025-02-09T23:39:56 IST" skipped="0">
  <testcase classname="test.BrokenImage_Test" name="clickAtclose" time="0.627"/>
  <system-out/>
  <testcase classname="test.BrokenImage_Test" name="clickAtPractice" time="3.121"/>
  <system-out/>
  <testcase classname="test.BrokenImage_Test" name="clickAtElement" time="0.377"/>
  <system-out/>
  <testcase classname="test.BrokenImage_Test" name="clickAtBrokenImage" time="0.471"/>
  <system-out/>
  <testcase classname="test.BrokenImage_Test" name="clickAtVerify" time="4.748"/>
  <system-out/>
</testsuite> <!-- test.BrokenImage_Test -->
