<?xml version="1.0" encoding="UTF-8"?>
<!-- Generated by org.testng.reporters.JUnitReportReporter -->
<testsuite hostname="LAPTOP-FUN2M76R" failures="0" tests="7" name="test.RadiobuttonTest" time="8.750" errors="0" timestamp="2025-02-09T16:07:56 IST" skipped="0">
  <testcase classname="test.RadiobuttonTest" name="clickAtClose" time="0.639"/>
  <system-out/>
  <testcase classname="test.RadiobuttonTest" name="clcikAtPractice" time="4.922"/>
  <system-out/>
  <testcase classname="test.RadiobuttonTest" name="clickAtElement" time="0.158"/>
  <system-out/>
  <testcase classname="test.RadiobuttonTest" name="clickAtRadiobutton" time="0.435"/>
  <system-out/>
  <testcase classname="test.RadiobuttonTest" name="clickAtYesbutton" time="0.258"/>
  <system-out/>
  <testcase classname="test.RadiobuttonTest" name="clickAtImpressive" time="0.160"/>
  <system-out/>
  <testcase classname="test.RadiobuttonTest" name="clickAtNobutton" time="2.178"/>
  <system-out/>
</testsuite> <!-- test.RadiobuttonTest -->
