<?xml version="1.0" encoding="UTF-8"?>
<!-- Generated by org.testng.reporters.JUnitReportReporter -->
<testsuite hostname="LAPTOP-FUN2M76R" failures="0" tests="5" name="test.Nested_Frames_Test" time="9.462" errors="0" timestamp="2025-02-25T22:56:10 IST" skipped="0">
  <testcase classname="test.Nested_Frames_Test" name="clickAtClose" time="0.319"/>
  <system-out/>
  <testcase classname="test.Nested_Frames_Test" name="clickAtPractice" time="2.128"/>
  <system-out/>
  <testcase classname="test.Nested_Frames_Test" name="clickAtAlertFrameWindow" time="5.282"/>
  <system-out/>
  <testcase classname="test.Nested_Frames_Test" name="clickAtNestedFrame" time="0.457"/>
  <system-out/>
  <testcase classname="test.Nested_Frames_Test" name="clickAtClick" time="1.276"/>
  <system-out/>
</testsuite> <!-- test.Nested_Frames_Test -->
