<?xml version="1.0" encoding="UTF-8"?>
<!-- Generated by org.testng.reporters.JUnitReportReporter -->
<testsuite hostname="LAPTOP-FUN2M76R" failures="0" tests="7" name="test.CheckboxTest" time="5.041" errors="0" timestamp="2025-02-09T16:07:56 IST" skipped="0">
  <testcase classname="test.CheckboxTest" name="clickAtclose" time="2.162"/>
  <system-out/>
  <testcase classname="test.CheckboxTest" name="clickAtPractice" time="1.948"/>
  <system-out/>
  <testcase classname="test.CheckboxTest" name="clickAtElement" time="0.123"/>
  <system-out/>
  <testcase classname="test.CheckboxTest" name="clickAtCheckbox" time="0.174"/>
  <system-out/>
  <testcase classname="test.CheckboxTest" name="clickAtMobile" time="0.322"/>
  <system-out/>
  <testcase classname="test.CheckboxTest" name="clickAtLaptop" time="0.154"/>
  <system-out/>
  <testcase classname="test.CheckboxTest" name="clickAtdesktop" time="0.158"/>
  <system-out/>
</testsuite> <!-- test.CheckboxTest -->
