<?xml version="1.0" encoding="UTF-8"?>
<!-- Generated by org.testng.reporters.JUnitReportReporter -->
<testsuite hostname="LAPTOP-FUN2M76R" failures="0" tests="7" name="test.Browser_Windows_Test" time="19.913" errors="0" timestamp="2025-02-20T13:02:48 IST" skipped="0">
  <testcase classname="test.Browser_Windows_Test" name="clickAtClose" time="0.381"/>
  <system-out/>
  <testcase classname="test.Browser_Windows_Test" name="clickAtPractice" time="2.214"/>
  <system-out/>
  <testcase classname="test.Browser_Windows_Test" name="clickAtAlertFrameWindow" time="5.255"/>
  <system-out/>
  <testcase classname="test.Browser_Windows_Test" name="clickAtBrowserWindow" time="0.340"/>
  <system-out/>
  <testcase classname="test.Browser_Windows_Test" name="clickAtNewTab" time="9.350"/>
  <system-out/>
  <testcase classname="test.Browser_Windows_Test" name="clickAtNewWindow" time="1.779"/>
  <system-out/>
  <testcase classname="test.Browser_Windows_Test" name="clickAtNewWindowMassage" time="0.594"/>
  <system-out/>
</testsuite> <!-- test.Browser_Windows_Test -->
