<?xml version="1.0" encoding="UTF-8"?>
<!-- Generated by org.testng.reporters.JUnitReportReporter -->
<testsuite hostname="LAPTOP-FUN2M76R" failures="0" tests="7" name="test.TabsTest" time="11.824" errors="0" timestamp="2025-03-04T23:16:16 IST" skipped="0">
  <testcase classname="test.TabsTest" name="clickAtClose" time="0.284"/>
  <system-out/>
  <testcase classname="test.TabsTest" name="clickAtPractice" time="1.999"/>
  <system-out/>
  <testcase classname="test.TabsTest" name="clickAtWidgets" time="0.162"/>
  <system-out/>
  <testcase classname="test.TabsTest" name="clickAtTabs" time="0.712"/>
  <system-out/>
  <testcase classname="test.TabsTest" name="clickAtTabs1" time="3.216"/>
  <system-out/>
  <testcase classname="test.TabsTest" name="clickAtTabs2" time="3.250"/>
  <system-out/>
  <testcase classname="test.TabsTest" name="clickAtTabs3" time="2.201"/>
  <system-out/>
</testsuite> <!-- test.TabsTest -->
