<?xml version="1.0" encoding="UTF-8"?>
<!-- Generated by org.testng.reporters.JUnitReportReporter -->
<testsuite hostname="LAPTOP-FUN2M76R" failures="0" tests="5" name="test.ProgressBarTest" time="8.188" errors="0" timestamp="2025-03-04T16:31:29 IST" skipped="0">
  <testcase classname="test.ProgressBarTest" name="clickAtClose" time="0.371"/>
  <system-out/>
  <testcase classname="test.ProgressBarTest" name="clickAtPractice" time="3.132"/>
  <system-out/>
  <testcase classname="test.ProgressBarTest" name="clickAtWidgets" time="0.402"/>
  <system-out/>
  <testcase classname="test.ProgressBarTest" name="clickAtProgressbar" time="0.565"/>
  <system-out/>
  <testcase classname="test.ProgressBarTest" name="clickAtStart" time="3.718"/>
  <system-out/>
</testsuite> <!-- test.ProgressBarTest -->
