<?xml version="1.0" encoding="UTF-8"?>
<!-- Generated by org.testng.reporters.JUnitReportReporter -->
<testsuite hostname="LAPTOP-FUN2M76R" failures="0" tests="5" name="test.WebTableTest" time="15.718" errors="0" timestamp="2025-01-30T15:52:24 IST" skipped="0">
  <testcase classname="test.WebTableTest" name="clickAtClose" time="0.513"/>
  <system-out/>
  <testcase classname="test.WebTableTest" name="clickAtPractice" time="9.014"/>
  <system-out/>
  <testcase classname="test.WebTableTest" name="clickAtElement" time="0.152"/>
  <system-out/>
  <testcase classname="test.WebTableTest" name="clickAtWebtable" time="0.423"/>
  <system-out/>
  <testcase classname="test.WebTableTest" name="clickAtNameEmail" time="5.616"/>
  <system-out/>
</testsuite> <!-- test.WebTableTest -->
