<?xml version="1.0" encoding="UTF-8"?>
<!-- Generated by org.testng.reporters.JUnitReportReporter -->
<testsuite hostname="LAPTOP-FUN2M76R" failures="0" tests="6" name="test.Frames_Test" time="9.832" errors="0" timestamp="2025-02-25T22:27:00 IST" skipped="0">
  <testcase classname="test.Frames_Test" name="clickAtClose" time="0.472"/>
  <system-out/>
  <testcase classname="test.Frames_Test" name="clickAtPractice" time="2.160"/>
  <system-out/>
  <testcase classname="test.Frames_Test" name="clickAtAlertFrameWindow" time="5.265"/>
  <system-out/>
  <testcase classname="test.Frames_Test" name="clickAtFrame" time="0.811"/>
  <system-out/>
  <testcase classname="test.Frames_Test" name="clickAtFrame1" time="0.432"/>
  <system-out/>
  <testcase classname="test.Frames_Test" name="clickAtFrame2" time="0.692"/>
  <system-out/>
</testsuite> <!-- test.Frames_Test -->
