<?xml version="1.0" encoding="UTF-8"?>
<!-- Generated by org.testng.reporters.JUnitReportReporter -->
<testsuite hostname="LAPTOP-FUN2M76R" failures="0" tests="6" name="test.DatePickerTest" time="7.232" errors="0" timestamp="2025-03-04T17:18:19 IST" skipped="0">
  <testcase classname="test.DatePickerTest" name="clickAtClose" time="0.350"/>
  <system-out/>
  <testcase classname="test.DatePickerTest" name="clickAtPractice" time="2.869"/>
  <system-out/>
  <testcase classname="test.DatePickerTest" name="clickAtWidget" time="1.499"/>
  <system-out/>
  <testcase classname="test.DatePickerTest" name="clickAtDatePicker" time="1.421"/>
  <system-out/>
  <testcase classname="test.DatePickerTest" name="clickAtDate" time="0.502"/>
  <system-out/>
  <testcase classname="test.DatePickerTest" name="clickAtDatetime" time="0.591"/>
  <system-out/>
</testsuite> <!-- test.DatePickerTest -->
