<?xml version="1.0" encoding="UTF-8"?>
<!-- Generated by org.testng.reporters.JUnitReportReporter -->
<testsuite hostname="LAPTOP-FUN2M76R" failures="0" tests="5" name="test.SliderTest" time="4.270" errors="0" timestamp="2025-03-04T16:18:29 IST" skipped="0">
  <testcase classname="test.SliderTest" name="clickAtClose" time="0.429"/>
  <system-out/>
  <testcase classname="test.SliderTest" name="clickAtPractice" time="2.870"/>
  <system-out/>
  <testcase classname="test.SliderTest" name="clickAtWidget" time="0.313"/>
  <system-out/>
  <testcase classname="test.SliderTest" name="clickAtSlider" time="0.562"/>
  <system-out/>
  <testcase classname="test.SliderTest" name="clickAtSliderbar" time="0.096"/>
  <system-out/>
</testsuite> <!-- test.SliderTest -->
