<?xml version="1.0" encoding="UTF-8"?>
<!-- Generated by org.testng.reporters.JUnitReportReporter -->
<testsuite hostname="LAPTOP-FUN2M76R" failures="0" tests="6" name="test.TextboxTest" time="4.789" errors="0" timestamp="2025-01-30T16:50:28 IST" skipped="0">
  <testcase classname="test.TextboxTest" name="clickAtClose" time="0.185"/>
  <system-out/>
  <testcase classname="test.TextboxTest" name="clickAtPractice" time="2.043"/>
  <system-out/>
  <testcase classname="test.TextboxTest" name="clickAtElement" time="0.124"/>
  <system-out/>
  <testcase classname="test.TextboxTest" name="clickAttextBox" time="0.171"/>
  <system-out/>
  <testcase classname="test.TextboxTest" name="clickAtFillDetails" time="1.934"/>
  <system-out/>
  <testcase classname="test.TextboxTest" name="clickAtVallidation" time="0.332"/>
  <system-out/>
</testsuite> <!-- test.TextboxTest -->
