<?xml version="1.0" encoding="UTF-8"?>
<!-- Generated by org.testng.reporters.JUnitReportReporter -->
<testsuite hostname="LAPTOP-FUN2M76R" failures="0" tests="6" name="test.DynamicProperties_Test" time="8.849" errors="0" timestamp="2025-02-09T16:07:56 IST" skipped="0">
  <testcase classname="test.DynamicProperties_Test" name="clickAtClose" time="0.290"/>
  <system-out/>
  <testcase classname="test.DynamicProperties_Test" name="clickAtPractice" time="2.053"/>
  <system-out/>
  <testcase classname="test.DynamicProperties_Test" name="clickAtElement" time="0.237"/>
  <system-out/>
  <testcase classname="test.DynamicProperties_Test" name="clickAtDynamicProperties" time="0.997"/>
  <system-out/>
  <testcase classname="test.DynamicProperties_Test" name="clickAtEnable" time="5.238"/>
  <system-out/>
  <testcase classname="test.DynamicProperties_Test" name="clickAtVisibleInFiveSecond" time="0.034"/>
  <system-out/>
</testsuite> <!-- test.DynamicProperties_Test -->
