<?xml version="1.0" encoding="UTF-8"?>
<!-- Generated by org.testng.reporters.JUnitReportReporter -->
<testsuite hostname="LAPTOP-FUN2M76R" failures="0" tests="7" name="test.RadiobuttonTest" time="3.474" errors="0" timestamp="2025-01-30T10:21:09 IST" skipped="0">
  <testcase classname="test.RadiobuttonTest" name="clickAtClose" time="0.519"/>
  <system-out/>
  <testcase classname="test.RadiobuttonTest" name="clcikAtPractice" time="2.139"/>
  <system-out/>
  <testcase classname="test.RadiobuttonTest" name="clickAtElement" time="0.110"/>
  <system-out/>
  <testcase classname="test.RadiobuttonTest" name="clickAtRadiobutton" time="0.219"/>
  <system-out/>
  <testcase classname="test.RadiobuttonTest" name="clickAtYesbutton" time="0.293"/>
  <system-out/>
  <testcase classname="test.RadiobuttonTest" name="clickAtImpressive" time="0.093"/>
  <system-out/>
  <testcase classname="test.RadiobuttonTest" name="clickAtNobutton" time="0.101"/>
  <system-out/>
</testsuite> <!-- test.RadiobuttonTest -->
