<?xml version="1.0" encoding="UTF-8"?>
<!-- Generated by org.testng.reporters.JUnitReportReporter -->
<testsuite hostname="LAPTOP-FUN2M76R" failures="0" tests="5" name="test.AutocompleteTest" time="4.121" errors="0" timestamp="2025-03-04T17:12:50 IST" skipped="0">
  <testcase classname="test.AutocompleteTest" name="clickAtClose" time="0.310"/>
  <system-out/>
  <testcase classname="test.AutocompleteTest" name="clickAtPractice" time="2.338"/>
  <system-out/>
  <testcase classname="test.AutocompleteTest" name="clickAtWidget" time="0.242"/>
  <system-out/>
  <testcase classname="test.AutocompleteTest" name="clickAtAutocomplete" time="0.413"/>
  <system-out/>
  <testcase classname="test.AutocompleteTest" name="clickAtTextBar" time="0.818"/>
  <system-out/>
</testsuite> <!-- test.AutocompleteTest -->
