<?xml version="1.0" encoding="UTF-8"?>
<!-- Generated by org.testng.reporters.JUnitReportReporter -->
<testsuite hostname="LAPTOP-FUN2M76R" failures="0" tests="7" name="test.Accordian_Test" time="7.653" errors="0" timestamp="2025-03-04T16:42:52 IST" skipped="1">
  <testcase classname="test.Accordian_Test" name="clickAtClose" time="0.364"/>
  <system-out/>
  <testcase classname="test.Accordian_Test" name="clickAtPractice" time="2.559"/>
  <system-out/>
  <testcase classname="test.Accordian_Test" name="clickAtWidget" time="0.289"/>
  <system-out/>
  <testcase classname="test.Accordian_Test" name="clickAtAccordian" time="0.495"/>
  <system-out/>
  <testcase classname="test.Accordian_Test" name="clickAtPragraph2" time="0.708"/>
  <system-out/>
  <testcase classname="test.Accordian_Test" name="clickAtParagraph1" time="3.238"/>
  <system-out/>
  <testcase classname="test.Accordian_Test" name="clickAtPragraph3">
    <skipped/>
  </testcase> <!-- clickAtPragraph3 -->
  <system-out/>
</testsuite> <!-- test.Accordian_Test -->
