<?xml version="1.0" encoding="UTF-8"?>
<!-- Generated by org.testng.reporters.JUnitReportReporter -->
<testsuite hostname="LAPTOP-FUN2M76R" failures="0" tests="5" name="test.WebTableTest" time="11.340" errors="0" timestamp="2025-02-09T16:07:56 IST" skipped="0">
  <testcase classname="test.WebTableTest" name="clickAtClose" time="0.761"/>
  <system-out/>
  <testcase classname="test.WebTableTest" name="clickAtPractice" time="5.519"/>
  <system-out/>
  <testcase classname="test.WebTableTest" name="clickAtElement" time="0.136"/>
  <system-out/>
  <testcase classname="test.WebTableTest" name="clickAtWebtable" time="0.345"/>
  <system-out/>
  <testcase classname="test.WebTableTest" name="clickAtNameEmail" time="4.579"/>
  <system-out/>
</testsuite> <!-- test.WebTableTest -->
