<?xml version="1.0" encoding="UTF-8"?>
<!-- Generated by org.testng.reporters.JUnitReportReporter -->
<testsuite hostname="LAPTOP-FUN2M76R" failures="0" tests="7" name="test.CheckboxTest" time="6.073" errors="0" timestamp="2025-01-30T16:38:41 IST" skipped="0">
  <testcase classname="test.CheckboxTest" name="clickAtclose" time="2.292"/>
  <system-out/>
  <testcase classname="test.CheckboxTest" name="clickAtPractice" time="2.125"/>
  <system-out/>
  <testcase classname="test.CheckboxTest" name="clickAtElement" time="0.173"/>
  <system-out/>
  <testcase classname="test.CheckboxTest" name="clickAtCheckbox" time="0.262"/>
  <system-out/>
  <testcase classname="test.CheckboxTest" name="clickAtMobile" time="0.548"/>
  <system-out/>
  <testcase classname="test.CheckboxTest" name="clickAtLaptop" time="0.324"/>
  <system-out/>
  <testcase classname="test.CheckboxTest" name="clickAtdesktop" time="0.349"/>
  <system-out/>
</testsuite> <!-- test.CheckboxTest -->
