<?xml version="1.0" encoding="UTF-8"?>
<!-- Generated by org.testng.reporters.JUnitReportReporter -->
<testsuite hostname="LAPTOP-FUN2M76R" failures="0" tests="8" name="test.MenuTest" time="17.341" errors="0" timestamp="2025-03-23T13:08:48 IST" skipped="1">
  <testcase classname="test.MenuTest" name="clickAtClose" time="0.225"/>
  <system-out/>
  <testcase classname="test.MenuTest" name="clickAtPractice" time="2.279"/>
  <system-out/>
  <testcase classname="test.MenuTest" name="clickAtWidget" time="0.177"/>
  <system-out/>
  <testcase classname="test.MenuTest" name="clickAtMenu" time="0.760"/>
  <system-out/>
  <testcase classname="test.MenuTest" name="clickAtHomeAbout" time="3.366"/>
  <system-out/>
  <testcase classname="test.MenuTest" name="clickAtServices" time="10.366"/>
  <system-out/>
  <testcase classname="test.MenuTest" name="clickAtContact" time="0.168"/>
  <system-out/>
  <testcase classname="test.MenuTest" name="clickAtBlog">
    <skipped/>
  </testcase> <!-- clickAtBlog -->
  <system-out/>
</testsuite> <!-- test.MenuTest -->
