<?xml version="1.0" encoding="UTF-8"?>
<!-- Generated by org.testng.reporters.JUnitReportReporter -->
<testsuite hostname="LAPTOP-FUN2M76R" failures="0" tests="5" name="test.ToolTipsTest" time="8.514" errors="0" timestamp="2025-03-04T23:47:01 IST" skipped="0">
  <testcase classname="test.ToolTipsTest" name="clickAtClose" time="0.207"/>
  <system-out/>
  <testcase classname="test.ToolTipsTest" name="clickAtPractice" time="2.062"/>
  <system-out/>
  <testcase classname="test.ToolTipsTest" name="clickAtWidgets" time="0.161"/>
  <system-out/>
  <testcase classname="test.ToolTipsTest" name="clickAtHover1" time="3.077"/>
  <system-out/>
  <testcase classname="test.ToolTipsTest" name="clickAtHover2" time="3.007"/>
  <system-out/>
</testsuite> <!-- test.ToolTipsTest -->
