<?xml version="1.0" encoding="UTF-8"?>
<!-- Generated by org.testng.reporters.JUnitReportReporter -->
<testsuite hostname="LAPTOP-FUN2M76R" failures="0" tests="5" name="test.BrokenLinks_Test" time="50.336" errors="0" timestamp="2025-02-10T00:08:45 IST" skipped="0">
  <testcase classname="test.BrokenLinks_Test" name="clickAtclose" time="0.292"/>
  <system-out/>
  <testcase classname="test.BrokenLinks_Test" name="clickAtPractice" time="2.143"/>
  <system-out/>
  <testcase classname="test.BrokenLinks_Test" name="clickAtElement" time="0.217"/>
  <system-out/>
  <testcase classname="test.BrokenLinks_Test" name="clickAtLinks" time="0.758"/>
  <system-out/>
  <testcase classname="test.BrokenLinks_Test" name="clickAtVerify" time="46.926"/>
  <system-out/>
</testsuite> <!-- test.BrokenLinks_Test -->
