<?xml version="1.0" encoding="UTF-8"?>
<!-- Generated by org.testng.reporters.JUnitReportReporter -->
<testsuite hostname="LAPTOP-FUN2M76R" failures="0" tests="7" name="test.ButtonTest" time="8.672" errors="0" timestamp="2025-02-09T16:07:56 IST" skipped="0">
  <testcase classname="test.ButtonTest" name="clickAtClose" time="3.240"/>
  <system-out/>
  <testcase classname="test.ButtonTest" name="clickAtPractice" time="2.765"/>
  <system-out/>
  <testcase classname="test.ButtonTest" name="clickAtElement" time="0.468"/>
  <system-out/>
  <testcase classname="test.ButtonTest" name="clickAtButtons" time="0.527"/>
  <system-out/>
  <testcase classname="test.ButtonTest" name="clickAtDoubleclick" time="0.450"/>
  <system-out/>
  <testcase classname="test.ButtonTest" name="clickAtRight" time="0.378"/>
  <system-out/>
  <testcase classname="test.ButtonTest" name="clickAtSnigleclick" time="0.844"/>
  <system-out/>
</testsuite> <!-- test.ButtonTest -->
