<?xml version="1.0" encoding="UTF-8"?>
<!-- Generated by org.testng.reporters.JUnitReportReporter -->
<testsuite hostname="LAPTOP-FUN2M76R" failures="0" tests="5" name="test.WebTableTest" time="12.798" errors="0" timestamp="2025-02-12T23:45:06 IST" skipped="0">
  <testcase classname="test.WebTableTest" name="clickAtClose" time="0.481"/>
  <testcase classname="test.WebTableTest" name="clickAtPractice" time="5.256"/>
  <testcase classname="test.WebTableTest" name="clickAtElement" time="0.105"/>
  <testcase classname="test.WebTableTest" name="clickAtWebtable" time="0.290"/>
  <testcase classname="test.WebTableTest" name="clickAtNameEmail" time="6.666"/>
</testsuite> <!-- test.WebTableTest -->
