<?xml version="1.0" encoding="UTF-8"?>
<!-- Generated by org.testng.reporters.JUnitReportReporter -->
<testsuite hostname="LAPTOP-FUN2M76R" failures="0" tests="7" name="test.RadiobuttonTest" time="16.610" errors="0" timestamp="2025-02-12T23:45:06 IST" skipped="0">
  <testcase classname="test.RadiobuttonTest" name="clickAtClose" time="1.460"/>
  <testcase classname="test.RadiobuttonTest" name="clcikAtPractice" time="8.924"/>
  <testcase classname="test.RadiobuttonTest" name="clickAtElement" time="1.113"/>
  <testcase classname="test.RadiobuttonTest" name="clickAtRadiobutton" time="3.610"/>
  <testcase classname="test.RadiobuttonTest" name="clickAtYesbutton" time="0.513"/>
  <testcase classname="test.RadiobuttonTest" name="clickAtImpressive" time="0.655"/>
  <testcase classname="test.RadiobuttonTest" name="clickAtNobutton" time="0.335"/>
</testsuite> <!-- test.RadiobuttonTest -->
